    [mkdir] Created dir: D:\dump\0SBT-PR-TC11UPGR\branches\R1.4.2\Customization\RAC\com.accenture.rac.bom\bin
    [mkdir] Created dir: D:\dump\0SBT-PR-TC11UPGR\branches\R1.4.2\Customization\RAC\com.accenture.rac.bom\bin\com.accenture.rac.bom
     [echo]  Compiling the source java files 
     [echo] bundle.. = com.accenture.rac.bom
    [javac] Compiling 47 source files to D:\dump\0SBT-PR-TC11UPGR\branches\R1.4.2\Customization\RAC\com.accenture.rac.bom\bin\com.accenture.rac.bom
    [javac] ----------
    [javac] 1. WARNING in D:\dump\0SBT-PR-TC11UPGR\branches\R1.4.2\Customization\RAC\com.accenture.rac.bom\src\com\accenture\rac\PopupWindow.java (at line 9)
    [javac] 	messageType = (messageType == null)? MessageDialog.NONE : messageType;
    [javac] 	              ^^^^^^^^^^^^^^^^^^^^^^^^^^^^^^^^^^^^^^^^^^^^^^^^^^^^^^^
    [javac] The expression of type int is boxed into Integer
    [javac] ----------
    [javac] 2. WARNING in D:\dump\0SBT-PR-TC11UPGR\branches\R1.4.2\Customization\RAC\com.accenture.rac.bom\src\com\accenture\rac\PopupWindow.java (at line 9)
    [javac] 	messageType = (messageType == null)? MessageDialog.NONE : messageType;
    [javac] 	                                                          ^^^^^^^^^^^
    [javac] The expression of type Integer is unboxed into int
    [javac] ----------
    [javac] 3. WARNING in D:\dump\0SBT-PR-TC11UPGR\branches\R1.4.2\Customization\RAC\com.accenture.rac.bom\src\com\accenture\rac\PopupWindow.java (at line 10)
    [javac] 	return new MessageDialog(shell, title, null, message, messageType, buttons, 0);
    [javac] 	                                                      ^^^^^^^^^^^
    [javac] The expression of type Integer is unboxed into int
    [javac] ----------
    [javac] ----------
    [javac] 4. WARNING in D:\dump\0SBT-PR-TC11UPGR\branches\R1.4.2\Customization\RAC\com.accenture.rac.bom\src\com\accenture\rac\table\CellIsEnabledEditSupport.java (at line 33)
    [javac] 	return p.isEnabled();
    [javac] 	       ^^^^^^^^^^^^^
    [javac] The expression of type boolean is boxed into Boolean
    [javac] ----------
    [javac] 5. WARNING in D:\dump\0SBT-PR-TC11UPGR\branches\R1.4.2\Customization\RAC\com.accenture.rac.bom\src\com\accenture\rac\table\CellIsEnabledEditSupport.java (at line 39)
    [javac] 	p.setEnabled((Boolean) value);
    [javac] 	             ^^^^^^^^^^^^^^^
    [javac] The expression of type Boolean is unboxed into boolean
    [javac] ----------
    [javac] ----------
    [javac] 6. WARNING in D:\dump\0SBT-PR-TC11UPGR\branches\R1.4.2\Customization\RAC\com.accenture.rac.bom\src\com\accenture\rac\table\DynamicLabelProvider.java (at line 26)
    [javac] 	text = ((Boolean)value) ? "Yes" : "No";
    [javac] 	       ^^^^^^^^^^^^^^^^
    [javac] The expression of type Boolean is unboxed into boolean
    [javac] ----------
    [javac] ----------
    [javac] 7. WARNING in D:\dump\0SBT-PR-TC11UPGR\branches\R1.4.2\Customization\RAC\com.accenture.rac.bom\src\com\accenture\rac\table\DynamicViewerComparator.java (at line 52)
    [javac] 	Float float1 = Float.parseFloat(text1);
    [javac] 	               ^^^^^^^^^^^^^^^^^^^^^^^
    [javac] The expression of type float is boxed into Float
    [javac] ----------
    [javac] 8. WARNING in D:\dump\0SBT-PR-TC11UPGR\branches\R1.4.2\Customization\RAC\com.accenture.rac.bom\src\com\accenture\rac\table\DynamicViewerComparator.java (at line 53)
    [javac] 	Float float2 = Float.parseFloat(text2);
    [javac] 	               ^^^^^^^^^^^^^^^^^^^^^^^
    [javac] The expression of type float is boxed into Float
    [javac] ----------
    [javac] ----------
    [javac] 9. WARNING in D:\dump\0SBT-PR-TC11UPGR\branches\R1.4.2\Customization\RAC\com.accenture.rac.bom\src\com\accenture\rac\wizards\importer\Column.java (at line 7)
    [javac] 	import com.accenture.rac.wizards.importer.spec.IImportProvider;
    [javac] 	       ^^^^^^^^^^^^^^^^^^^^^^^^^^^^^^^^^^^^^^^^^^^^^^^^^^^^^^^
    [javac] The import com.accenture.rac.wizards.importer.spec.IImportProvider is never used
    [javac] ----------
    [javac] ----------
    [javac] 10. WARNING in D:\dump\0SBT-PR-TC11UPGR\branches\R1.4.2\Customization\RAC\com.accenture.rac.bom\src\com\accenture\rac\wizards\importer\ParseDoubleMilliToMeter.java (at line 14)
    [javac] 	Double milli = 1000.00D;
    [javac] 	               ^^^^^^^^
    [javac] The expression of type double is boxed into Double
    [javac] ----------
    [javac] 11. WARNING in D:\dump\0SBT-PR-TC11UPGR\branches\R1.4.2\Customization\RAC\com.accenture.rac.bom\src\com\accenture\rac\wizards\importer\ParseDoubleMilliToMeter.java (at line 15)
    [javac] 	return (Double) processor.execute(value, context) / milli;
    [javac] 	       ^^^^^^^^^^^^^^^^^^^^^^^^^^^^^^^^^^^^^^^^^^
    [javac] The expression of type Double is unboxed into double
    [javac] ----------
    [javac] 12. WARNING in D:\dump\0SBT-PR-TC11UPGR\branches\R1.4.2\Customization\RAC\com.accenture.rac.bom\src\com\accenture\rac\wizards\importer\ParseDoubleMilliToMeter.java (at line 15)
    [javac] 	return (Double) processor.execute(value, context) / milli;
    [javac] 	       ^^^^^^^^^^^^^^^^^^^^^^^^^^^^^^^^^^^^^^^^^^^^^^^^^^
    [javac] The expression of type double is boxed into Double
    [javac] ----------
    [javac] 13. WARNING in D:\dump\0SBT-PR-TC11UPGR\branches\R1.4.2\Customization\RAC\com.accenture.rac.bom\src\com\accenture\rac\wizards\importer\ParseDoubleMilliToMeter.java (at line 15)
    [javac] 	return (Double) processor.execute(value, context) / milli;
    [javac] 	                                                    ^^^^^
    [javac] The expression of type Double is unboxed into double
    [javac] ----------
    [javac] ----------
    [javac] 14. WARNING in D:\dump\0SBT-PR-TC11UPGR\branches\R1.4.2\Customization\RAC\com.accenture.rac.bom\src\com\accenture\rac\wizards\importer\RowStatus.java (at line 29)
    [javac] 	return codeStatus.get(i);
    [javac] 	                      ^
    [javac] The expression of type int is boxed into Integer
    [javac] ----------
    [javac] 15. WARNING in D:\dump\0SBT-PR-TC11UPGR\branches\R1.4.2\Customization\RAC\com.accenture.rac.bom\src\com\accenture\rac\wizards\importer\RowStatus.java (at line 41)
    [javac] 	codeStatus.put(s.code, s);
    [javac] 	               ^^^^^^
    [javac] The expression of type int is boxed into Integer
    [javac] ----------
    [javac] ----------
    [javac] 16. WARNING in D:\dump\0SBT-PR-TC11UPGR\branches\R1.4.2\Customization\RAC\com.accenture.rac.bom\src\com\accenture\rac\wizards\importer\bom\BomLine.java (at line 108)
    [javac] 	Double thisQuantity = 0.0;
    [javac] 	                      ^^^
    [javac] The expression of type double is boxed into Double
    [javac] ----------
    [javac] 17. WARNING in D:\dump\0SBT-PR-TC11UPGR\branches\R1.4.2\Customization\RAC\com.accenture.rac.bom\src\com\accenture\rac\wizards\importer\bom\BomLine.java (at line 109)
    [javac] 	Double cmpQuantity = 0.0;
    [javac] 	                     ^^^
    [javac] The expression of type double is boxed into Double
    [javac] ----------
    [javac] 18. WARNING in D:\dump\0SBT-PR-TC11UPGR\branches\R1.4.2\Customization\RAC\com.accenture.rac.bom\src\com\accenture\rac\wizards\importer\bom\BomLine.java (at line 121)
    [javac] 	thisQuantity = 1.0;
    [javac] 	               ^^^
    [javac] The expression of type double is boxed into Double
    [javac] ----------
    [javac] 19. WARNING in D:\dump\0SBT-PR-TC11UPGR\branches\R1.4.2\Customization\RAC\com.accenture.rac.bom\src\com\accenture\rac\wizards\importer\bom\BomLine.java (at line 139)
    [javac] 	cmpQuantity = 1.0;
    [javac] 	              ^^^
    [javac] The expression of type double is boxed into Double
    [javac] ----------
    [javac] 20. WARNING in D:\dump\0SBT-PR-TC11UPGR\branches\R1.4.2\Customization\RAC\com.accenture.rac.bom\src\com\accenture\rac\wizards\importer\bom\BomLine.java (at line 148)
    [javac] 	if (Math.abs(thisQuantity - 0.0) < epsilon)
    [javac] 	             ^^^^^^^^^^^^
    [javac] The expression of type Double is unboxed into double
    [javac] ----------
    [javac] 21. WARNING in D:\dump\0SBT-PR-TC11UPGR\branches\R1.4.2\Customization\RAC\com.accenture.rac.bom\src\com\accenture\rac\wizards\importer\bom\BomLine.java (at line 150)
    [javac] 	thisQuantity += 1.0;
    [javac] 	^^^^^^^^^^^^
    [javac] The expression of type Double is unboxed into double
    [javac] ----------
    [javac] 22. WARNING in D:\dump\0SBT-PR-TC11UPGR\branches\R1.4.2\Customization\RAC\com.accenture.rac.bom\src\com\accenture\rac\wizards\importer\bom\BomLine.java (at line 150)
    [javac] 	thisQuantity += 1.0;
    [javac] 	^^^^^^^^^^^^^^^^^^^
    [javac] The expression of type double is boxed into Double
    [javac] ----------
    [javac] 23. WARNING in D:\dump\0SBT-PR-TC11UPGR\branches\R1.4.2\Customization\RAC\com.accenture.rac.bom\src\com\accenture\rac\wizards\importer\bom\BomLine.java (at line 153)
    [javac] 	if (Math.abs(cmpQuantity - 0.0) < epsilon)
    [javac] 	             ^^^^^^^^^^^
    [javac] The expression of type Double is unboxed into double
    [javac] ----------
    [javac] 24. WARNING in D:\dump\0SBT-PR-TC11UPGR\branches\R1.4.2\Customization\RAC\com.accenture.rac.bom\src\com\accenture\rac\wizards\importer\bom\BomLine.java (at line 155)
    [javac] 	cmpQuantity += 1.0;
    [javac] 	^^^^^^^^^^^
    [javac] The expression of type Double is unboxed into double
    [javac] ----------
    [javac] 25. WARNING in D:\dump\0SBT-PR-TC11UPGR\branches\R1.4.2\Customization\RAC\com.accenture.rac.bom\src\com\accenture\rac\wizards\importer\bom\BomLine.java (at line 155)
    [javac] 	cmpQuantity += 1.0;
    [javac] 	^^^^^^^^^^^^^^^^^^
    [javac] The expression of type double is boxed into Double
    [javac] ----------
    [javac] 26. WARNING in D:\dump\0SBT-PR-TC11UPGR\branches\R1.4.2\Customization\RAC\com.accenture.rac.bom\src\com\accenture\rac\wizards\importer\bom\BomLine.java (at line 163)
    [javac] 	if (Math.abs(thisQuantity - cmpQuantity) < epsilon)
    [javac] 	             ^^^^^^^^^^^^
    [javac] The expression of type Double is unboxed into double
    [javac] ----------
    [javac] 27. WARNING in D:\dump\0SBT-PR-TC11UPGR\branches\R1.4.2\Customization\RAC\com.accenture.rac.bom\src\com\accenture\rac\wizards\importer\bom\BomLine.java (at line 163)
    [javac] 	if (Math.abs(thisQuantity - cmpQuantity) < epsilon)
    [javac] 	                            ^^^^^^^^^^^
    [javac] The expression of type Double is unboxed into double
    [javac] ----------
    [javac] ----------
    [javac] 28. WARNING in D:\dump\0SBT-PR-TC11UPGR\branches\R1.4.2\Customization\RAC\com.accenture.rac.bom\src\com\accenture\rac\wizards\importer\bom\BomLineFileImportProvider.java (at line 81)
    [javac] 	double quantityFloat = Double.valueOf(quantity);
    [javac] 	                       ^^^^^^^^^^^^^^^^^^^^^^^^
    [javac] The expression of type Double is unboxed into double
    [javac] ----------
    [javac] 29. WARNING in D:\dump\0SBT-PR-TC11UPGR\branches\R1.4.2\Customization\RAC\com.accenture.rac.bom\src\com\accenture\rac\wizards\importer\bom\BomLineFileImportProvider.java (at line 269)
    [javac] 	e.getCsvContext().getLineNumber(), e.getCsvContext().getColumnNumber(),
    [javac] 	^^^^^^^^^^^^^^^^^^^^^^^^^^^^^^^^^
    [javac] The expression of type int is boxed into Integer
    [javac] ----------
    [javac] 30. WARNING in D:\dump\0SBT-PR-TC11UPGR\branches\R1.4.2\Customization\RAC\com.accenture.rac.bom\src\com\accenture\rac\wizards\importer\bom\BomLineFileImportProvider.java (at line 269)
    [javac] 	e.getCsvContext().getLineNumber(), e.getCsvContext().getColumnNumber(),
    [javac] 	                                   ^^^^^^^^^^^^^^^^^^^^^^^^^^^^^^^^^^^
    [javac] The expression of type int is boxed into Integer
    [javac] ----------
    [javac] ----------
    [javac] 31. WARNING in D:\dump\0SBT-PR-TC11UPGR\branches\R1.4.2\Customization\RAC\com.accenture.rac.bom\src\com\accenture\rac\wizards\importer\bom\BomLineService.java (at line 130)
    [javac] 	bomLine.setHas3D(false);
    [javac] 	                 ^^^^^
    [javac] The expression of type boolean is boxed into Boolean
    [javac] ----------
    [javac] 32. WARNING in D:\dump\0SBT-PR-TC11UPGR\branches\R1.4.2\Customization\RAC\com.accenture.rac.bom\src\com\accenture\rac\wizards\importer\bom\BomLineService.java (at line 133)
    [javac] 	bomLine.setHas3D(true);
    [javac] 	                 ^^^^
    [javac] The expression of type boolean is boxed into Boolean
    [javac] ----------
    [javac] ----------
    [javac] 33. WARNING in D:\dump\0SBT-PR-TC11UPGR\branches\R1.4.2\Customization\RAC\com.accenture.rac.bom\src\com\accenture\rac\wizards\importer\spec\IFileImportProvider.java (at line 5)
    [javac] 	import org.supercsv.prefs.CsvPreference;
    [javac] 	       ^^^^^^^^^^^^^^^^^^^^^^^^^^^^^^^^
    [javac] The import org.supercsv.prefs.CsvPreference is never used
    [javac] ----------
    [javac] 33 problems (33 warnings)
     [copy] Copying 1 file to D:\dump\0SBT-PR-TC11UPGR\branches\R1.4.2\Customization\RAC\com.accenture.rac.bom\bin\com.accenture.rac.bom
     [copy] Copying 4 files to D:\dump\0SBT-PR-TC11UPGR\branches\R1.4.2\Customization\RAC\com.accenture.rac.bom\bin\com.accenture.rac.bom
     [copy] Copying 1 file to D:\dump\0SBT-PR-TC11UPGR\branches\R1.4.2\Customization\RAC\com.accenture.rac.bom\bin\com.accenture.rac.bom
     [echo]  Creating Jar - com.accenture.rac.bom_1.0.0.0.jar 
      [jar] Building jar: D:\dump\0SBT-PR-TC11UPGR\branches\R1.4.2\Customization\RAC\binaries\com.accenture.rac.bom_1.0.0.0.jar
   [delete] Deleting: D:\dump\0SBT-PR-TC11UPGR\branches\R1.4.2\Customization\RAC\com.accenture.rac.bom\rerun
     [echo]  Project processed successfully 
