    [mkdir] Created dir: D:\dump\0SBT-PR-TC11UPGR\branches\R1.4.2\Customization\RAC\com.accenture.sbt.rac\bin
    [mkdir] Created dir: D:\dump\0SBT-PR-TC11UPGR\branches\R1.4.2\Customization\RAC\com.accenture.sbt.rac\lib
    [mkdir] Created dir: D:\dump\0SBT-PR-TC11UPGR\branches\R1.4.2\Customization\RAC\com.accenture.sbt.rac\bin\com.accenture.sbt.rac
     [echo]  Compiling the source java files 
     [echo] bundle.. = com.accenture.sbt.rac
    [javac] Compiling 34 source files to D:\dump\0SBT-PR-TC11UPGR\branches\R1.4.2\Customization\RAC\com.accenture.sbt.rac\bin\com.accenture.sbt.rac
    [javac] ----------
    [javac] 1. WARNING in D:\dump\0SBT-PR-TC11UPGR\branches\R1.4.2\Customization\RAC\com.accenture.sbt.rac\src\com\accenture\sbt\rac\dialog\BT7AssignAltMaterial.java (at line 14)
    [javac] 	import org.eclipse.ui.IWorkbenchWindow;
    [javac] 	       ^^^^^^^^^^^^^^^^^^^^^^^^^^^^^^^
    [javac] The import org.eclipse.ui.IWorkbenchWindow is never used
    [javac] ----------
    [javac] 2. WARNING in D:\dump\0SBT-PR-TC11UPGR\branches\R1.4.2\Customization\RAC\com.accenture.sbt.rac\src\com\accenture\sbt\rac\dialog\BT7AssignAltMaterial.java (at line 76)
    [javac] 	Boolean check = table.getItem(i).getChecked();
    [javac] 	                ^^^^^^^^^^^^^^^^^^^^^^^^^^^^^
    [javac] The expression of type boolean is boxed into Boolean
    [javac] ----------
    [javac] 3. WARNING in D:\dump\0SBT-PR-TC11UPGR\branches\R1.4.2\Customization\RAC\com.accenture.sbt.rac\src\com\accenture\sbt\rac\dialog\BT7AssignAltMaterial.java (at line 77)
    [javac] 	if (check) 
    [javac] 	    ^^^^^
    [javac] The expression of type Boolean is unboxed into boolean
    [javac] ----------
    [javac] 4. WARNING in D:\dump\0SBT-PR-TC11UPGR\branches\R1.4.2\Customization\RAC\com.accenture.sbt.rac\src\com\accenture\sbt\rac\dialog\BT7AssignAltMaterial.java (at line 154)
    [javac] 	boolean checked = false;
    [javac] 	        ^^^^^^^
    [javac] The value of the local variable checked is not used
    [javac] ----------
    [javac] ----------
    [javac] 5. WARNING in D:\dump\0SBT-PR-TC11UPGR\branches\R1.4.2\Customization\RAC\com.accenture.sbt.rac\src\com\accenture\sbt\rac\dialog\BT7CreateVendorPartDialogue.java (at line 20)
    [javac] 	import com.teamcenter.rac.kernel.TCComponentFolderType;
    [javac] 	       ^^^^^^^^^^^^^^^^^^^^^^^^^^^^^^^^^^^^^^^^^^^^^^^
    [javac] The import com.teamcenter.rac.kernel.TCComponentFolderType is never used
    [javac] ----------
    [javac] 6. WARNING in D:\dump\0SBT-PR-TC11UPGR\branches\R1.4.2\Customization\RAC\com.accenture.sbt.rac\src\com\accenture\sbt\rac\dialog\BT7CreateVendorPartDialogue.java (at line 21)
    [javac] 	import com.teamcenter.rac.kernel.TCComponentItemType;
    [javac] 	       ^^^^^^^^^^^^^^^^^^^^^^^^^^^^^^^^^^^^^^^^^^^^^
    [javac] The import com.teamcenter.rac.kernel.TCComponentItemType is never used
    [javac] ----------
    [javac] 7. WARNING in D:\dump\0SBT-PR-TC11UPGR\branches\R1.4.2\Customization\RAC\com.accenture.sbt.rac\src\com\accenture\sbt\rac\dialog\BT7CreateVendorPartDialogue.java (at line 24)
    [javac] 	import com.teamcenter.rac.aif.AbstractAIFOperation;
    [javac] 	       ^^^^^^^^^^^^^^^^^^^^^^^^^^^^^^^^^^^^^^^^^^^
    [javac] The import com.teamcenter.rac.aif.AbstractAIFOperation is never used
    [javac] ----------
    [javac] 8. WARNING in D:\dump\0SBT-PR-TC11UPGR\branches\R1.4.2\Customization\RAC\com.accenture.sbt.rac\src\com\accenture\sbt\rac\dialog\BT7CreateVendorPartDialogue.java (at line 28)
    [javac] 	import com.teamcenter.rac.kernel.TCComponentContextList;
    [javac] 	       ^^^^^^^^^^^^^^^^^^^^^^^^^^^^^^^^^^^^^^^^^^^^^^^^
    [javac] The import com.teamcenter.rac.kernel.TCComponentContextList is never used
    [javac] ----------
    [javac] 9. WARNING in D:\dump\0SBT-PR-TC11UPGR\branches\R1.4.2\Customization\RAC\com.accenture.sbt.rac\src\com\accenture\sbt\rac\dialog\BT7CreateVendorPartDialogue.java (at line 34)
    [javac] 	import com.teamcenter.rac.kernel.TCComponentVendor;
    [javac] 	       ^^^^^^^^^^^^^^^^^^^^^^^^^^^^^^^^^^^^^^^^^^^
    [javac] The import com.teamcenter.rac.kernel.TCComponentVendor is never used
    [javac] ----------
    [javac] 10. WARNING in D:\dump\0SBT-PR-TC11UPGR\branches\R1.4.2\Customization\RAC\com.accenture.sbt.rac\src\com\accenture\sbt\rac\dialog\BT7CreateVendorPartDialogue.java (at line 39)
    [javac] 	import com.teamcenter.services.rac.core._2006_03.DataManagement.ItemProperties;
    [javac] 	       ^^^^^^^^^^^^^^^^^^^^^^^^^^^^^^^^^^^^^^^^^^^^^^^^^^^^^^^^^^^^^^^^^^^^^^^
    [javac] The import com.teamcenter.services.rac.core._2006_03.DataManagement.ItemProperties is never used
    [javac] ----------
    [javac] 11. WARNING in D:\dump\0SBT-PR-TC11UPGR\branches\R1.4.2\Customization\RAC\com.accenture.sbt.rac\src\com\accenture\sbt\rac\dialog\BT7CreateVendorPartDialogue.java (at line 44)
    [javac] 	import org.eclipse.swt.widgets.ProgressBar;
    [javac] 	       ^^^^^^^^^^^^^^^^^^^^^^^^^^^^^^^^^^^
    [javac] The import org.eclipse.swt.widgets.ProgressBar is never used
    [javac] ----------
    [javac] 12. WARNING in D:\dump\0SBT-PR-TC11UPGR\branches\R1.4.2\Customization\RAC\com.accenture.sbt.rac\src\com\accenture\sbt\rac\dialog\BT7CreateVendorPartDialogue.java (at line 46)
    [javac] 	import org.eclipse.swt.widgets.Display;
    [javac] 	       ^^^^^^^^^^^^^^^^^^^^^^^^^^^^^^^
    [javac] The import org.eclipse.swt.widgets.Display is never used
    [javac] ----------
    [javac] 13. WARNING in D:\dump\0SBT-PR-TC11UPGR\branches\R1.4.2\Customization\RAC\com.accenture.sbt.rac\src\com\accenture\sbt\rac\dialog\BT7CreateVendorPartDialogue.java (at line 65)
    [javac] 	private CreateItemsResponse response;
    [javac] 	                            ^^^^^^^^
    [javac] The value of the field BT7CreateVendorPartDialogue.response is not used
    [javac] ----------
    [javac] 14. WARNING in D:\dump\0SBT-PR-TC11UPGR\branches\R1.4.2\Customization\RAC\com.accenture.sbt.rac\src\com\accenture\sbt\rac\dialog\BT7CreateVendorPartDialogue.java (at line 294)
    [javac] 	TCComponentItem docItem = (TCComponentItem) responseComponents[0];									
    [javac] 	                ^^^^^^^
    [javac] The value of the local variable docItem is not used
    [javac] ----------
    [javac] ----------
    [javac] 15. WARNING in D:\dump\0SBT-PR-TC11UPGR\branches\R1.4.2\Customization\RAC\com.accenture.sbt.rac\src\com\accenture\sbt\rac\objects\SbtBomLine.java (at line 28)
    [javac] 	this.rotation = rotation;
    [javac] 	                ^^^^^^^^
    [javac] The expression of type int is boxed into Integer
    [javac] ----------
    [javac] 16. WARNING in D:\dump\0SBT-PR-TC11UPGR\branches\R1.4.2\Customization\RAC\com.accenture.sbt.rac\src\com\accenture\sbt\rac\objects\SbtBomLine.java (at line 46)
    [javac] 	if(placement.equalsIgnoreCase("top") && rotation == 0){
    [javac] 	                                        ^^^^^^^^
    [javac] The expression of type Integer is unboxed into int
    [javac] ----------
    [javac] 17. WARNING in D:\dump\0SBT-PR-TC11UPGR\branches\R1.4.2\Customization\RAC\com.accenture.sbt.rac\src\com\accenture\sbt\rac\objects\SbtBomLine.java (at line 51)
    [javac] 	if(placement.equalsIgnoreCase("top") && rotation == 90){
    [javac] 	                                        ^^^^^^^^
    [javac] The expression of type Integer is unboxed into int
    [javac] ----------
    [javac] 18. WARNING in D:\dump\0SBT-PR-TC11UPGR\branches\R1.4.2\Customization\RAC\com.accenture.sbt.rac\src\com\accenture\sbt\rac\objects\SbtBomLine.java (at line 56)
    [javac] 	if(placement.equalsIgnoreCase("top") && rotation == 180){
    [javac] 	                                        ^^^^^^^^
    [javac] The expression of type Integer is unboxed into int
    [javac] ----------
    [javac] 19. WARNING in D:\dump\0SBT-PR-TC11UPGR\branches\R1.4.2\Customization\RAC\com.accenture.sbt.rac\src\com\accenture\sbt\rac\objects\SbtBomLine.java (at line 61)
    [javac] 	if(placement.equalsIgnoreCase("top") && rotation == 270){
    [javac] 	                                        ^^^^^^^^
    [javac] The expression of type Integer is unboxed into int
    [javac] ----------
    [javac] 20. WARNING in D:\dump\0SBT-PR-TC11UPGR\branches\R1.4.2\Customization\RAC\com.accenture.sbt.rac\src\com\accenture\sbt\rac\objects\SbtBomLine.java (at line 66)
    [javac] 	if(placement.equalsIgnoreCase("bottom") && rotation == 0){
    [javac] 	                                           ^^^^^^^^
    [javac] The expression of type Integer is unboxed into int
    [javac] ----------
    [javac] 21. WARNING in D:\dump\0SBT-PR-TC11UPGR\branches\R1.4.2\Customization\RAC\com.accenture.sbt.rac\src\com\accenture\sbt\rac\objects\SbtBomLine.java (at line 71)
    [javac] 	if(placement.equalsIgnoreCase("bottom") && rotation == 90){
    [javac] 	                                           ^^^^^^^^
    [javac] The expression of type Integer is unboxed into int
    [javac] ----------
    [javac] 22. WARNING in D:\dump\0SBT-PR-TC11UPGR\branches\R1.4.2\Customization\RAC\com.accenture.sbt.rac\src\com\accenture\sbt\rac\objects\SbtBomLine.java (at line 76)
    [javac] 	if(placement.equalsIgnoreCase("bottom") && rotation == 180){
    [javac] 	                                           ^^^^^^^^
    [javac] The expression of type Integer is unboxed into int
    [javac] ----------
    [javac] 23. WARNING in D:\dump\0SBT-PR-TC11UPGR\branches\R1.4.2\Customization\RAC\com.accenture.sbt.rac\src\com\accenture\sbt\rac\objects\SbtBomLine.java (at line 81)
    [javac] 	if(placement.equalsIgnoreCase("bottom") && rotation == 270){
    [javac] 	                                           ^^^^^^^^
    [javac] The expression of type Integer is unboxed into int
    [javac] ----------
    [javac] ----------
    [javac] 24. WARNING in D:\dump\0SBT-PR-TC11UPGR\branches\R1.4.2\Customization\RAC\com.accenture.sbt.rac\src\com\accenture\sbt\rac\tools\AssignAltmaterial.java (at line 11)
    [javac] 	import com.teamcenter.rac.aif.kernel.AIFComponentContext;
    [javac] 	       ^^^^^^^^^^^^^^^^^^^^^^^^^^^^^^^^^^^^^^^^^^^^^^^^^
    [javac] The import com.teamcenter.rac.aif.kernel.AIFComponentContext is never used
    [javac] ----------
    [javac] 25. WARNING in D:\dump\0SBT-PR-TC11UPGR\branches\R1.4.2\Customization\RAC\com.accenture.sbt.rac\src\com\accenture\sbt\rac\tools\AssignAltmaterial.java (at line 20)
    [javac] 	private IWorkbenchWindow window;
    [javac] 	                         ^^^^^^
    [javac] The value of the field AssignAltmaterial.window is not used
    [javac] ----------
    [javac] ----------
    [javac] 26. WARNING in D:\dump\0SBT-PR-TC11UPGR\branches\R1.4.2\Customization\RAC\com.accenture.sbt.rac\src\com\accenture\sbt\rac\tools\BT7PasteAsObject.java (at line 191)
    [javac] 	BT7PasteCommand pasteCommand = new BT7PasteCommand(ainterfaceaifcomponent, AIFDesktop.getActiveDesktop().getFrame(), false, vecClipBoardObjects );
    [javac] 	                                                                                                                     ^^^^^
    [javac] The expression of type boolean is boxed into Boolean
    [javac] ----------
    [javac] ----------
    [javac] 27. WARNING in D:\dump\0SBT-PR-TC11UPGR\branches\R1.4.2\Customization\RAC\com.accenture.sbt.rac\src\com\accenture\sbt\rac\tools\CreateDocument.java (at line 174)
    [javac] 	secondaryBoolProps.put(PROP_BT7_DOCPUBLISHPIP, true);
    [javac] 	                                               ^^^^
    [javac] The expression of type boolean is boxed into Boolean
    [javac] ----------
    [javac] ----------
    [javac] 28. WARNING in D:\dump\0SBT-PR-TC11UPGR\branches\R1.4.2\Customization\RAC\com.accenture.sbt.rac\src\com\accenture\sbt\rac\tools\CreateVendor.java (at line 7)
    [javac] 	import org.eclipse.swt.widgets.Display;
    [javac] 	       ^^^^^^^^^^^^^^^^^^^^^^^^^^^^^^^
    [javac] The import org.eclipse.swt.widgets.Display is never used
    [javac] ----------
    [javac] 29. WARNING in D:\dump\0SBT-PR-TC11UPGR\branches\R1.4.2\Customization\RAC\com.accenture.sbt.rac\src\com\accenture\sbt\rac\tools\CreateVendor.java (at line 9)
    [javac] 	import org.eclipse.ui.IWorkbenchWindow;
    [javac] 	       ^^^^^^^^^^^^^^^^^^^^^^^^^^^^^^^
    [javac] The import org.eclipse.ui.IWorkbenchWindow is never used
    [javac] ----------
    [javac] 30. WARNING in D:\dump\0SBT-PR-TC11UPGR\branches\R1.4.2\Customization\RAC\com.accenture.sbt.rac\src\com\accenture\sbt\rac\tools\CreateVendor.java (at line 13)
    [javac] 	import com.teamcenter.rac.aif.kernel.AIFComponentContext;
    [javac] 	       ^^^^^^^^^^^^^^^^^^^^^^^^^^^^^^^^^^^^^^^^^^^^^^^^^
    [javac] The import com.teamcenter.rac.aif.kernel.AIFComponentContext is never used
    [javac] ----------
    [javac] 31. WARNING in D:\dump\0SBT-PR-TC11UPGR\branches\R1.4.2\Customization\RAC\com.accenture.sbt.rac\src\com\accenture\sbt\rac\tools\CreateVendor.java (at line 15)
    [javac] 	import com.teamcenter.rac.kernel.TCComponentCAEItemType;
    [javac] 	       ^^^^^^^^^^^^^^^^^^^^^^^^^^^^^^^^^^^^^^^^^^^^^^^^
    [javac] The import com.teamcenter.rac.kernel.TCComponentCAEItemType is never used
    [javac] ----------
    [javac] 32. WARNING in D:\dump\0SBT-PR-TC11UPGR\branches\R1.4.2\Customization\RAC\com.accenture.sbt.rac\src\com\accenture\sbt\rac\tools\CreateVendor.java (at line 18)
    [javac] 	import com.teamcenter.rac.kernel.TCComponentItemType;
    [javac] 	       ^^^^^^^^^^^^^^^^^^^^^^^^^^^^^^^^^^^^^^^^^^^^^
    [javac] The import com.teamcenter.rac.kernel.TCComponentItemType is never used
    [javac] ----------
    [javac] 33. WARNING in D:\dump\0SBT-PR-TC11UPGR\branches\R1.4.2\Customization\RAC\com.accenture.sbt.rac\src\com\accenture\sbt\rac\tools\CreateVendor.java (at line 20)
    [javac] 	import com.teamcenter.rac.util.Registry;
    [javac] 	       ^^^^^^^^^^^^^^^^^^^^^^^^^^^^^^^^
    [javac] The import com.teamcenter.rac.util.Registry is never used
    [javac] ----------
    [javac] 34. WARNING in D:\dump\0SBT-PR-TC11UPGR\branches\R1.4.2\Customization\RAC\com.accenture.sbt.rac\src\com\accenture\sbt\rac\tools\CreateVendor.java (at line 21)
    [javac] 	import com.teamcenter.soa.client.model.Property;
    [javac] 	       ^^^^^^^^^^^^^^^^^^^^^^^^^^^^^^^^^^^^^^^^
    [javac] The import com.teamcenter.soa.client.model.Property is never used
    [javac] ----------
    [javac] 35. WARNING in D:\dump\0SBT-PR-TC11UPGR\branches\R1.4.2\Customization\RAC\com.accenture.sbt.rac\src\com\accenture\sbt\rac\tools\CreateVendor.java (at line 22)
    [javac] 	import com.teamcenter.soa.exceptions.NotLoadedException;
    [javac] 	       ^^^^^^^^^^^^^^^^^^^^^^^^^^^^^^^^^^^^^^^^^^^^^^^^
    [javac] The import com.teamcenter.soa.exceptions.NotLoadedException is never used
    [javac] ----------
    [javac] 36. WARNING in D:\dump\0SBT-PR-TC11UPGR\branches\R1.4.2\Customization\RAC\com.accenture.sbt.rac\src\com\accenture\sbt\rac\tools\CreateVendor.java (at line 39)
    [javac] 	TCComponentItem ManItem = (TCComponentItem) itemTag; 
    [javac] 	                ^^^^^^^
    [javac] The value of the local variable ManItem is not used
    [javac] ----------
    [javac] ----------
    [javac] 37. WARNING in D:\dump\0SBT-PR-TC11UPGR\branches\R1.4.2\Customization\RAC\com.accenture.sbt.rac\src\com\teamcenter\rac\bt7propertytextfieldbean\renderingHint\properties\BT7PropertyTextFieldBean.java (at line 22)
    [javac] 	private static final long serialVersionUID = 1L;
    [javac] 	                          ^^^^^^^^^^^^^^^^
    [javac] The value of the field BT7PropertyTextFieldBean.serialVersionUID is not used
    [javac] ----------
    [javac] 38. WARNING in D:\dump\0SBT-PR-TC11UPGR\branches\R1.4.2\Customization\RAC\com.accenture.sbt.rac\src\com\teamcenter\rac\bt7propertytextfieldbean\renderingHint\properties\BT7PropertyTextFieldBean.java (at line 25)
    [javac] 	private Registry appRegistry = Registry.getRegistry(this);
    [javac] 	                 ^^^^^^^^^^^
    [javac] The value of the field BT7PropertyTextFieldBean.appRegistry is not used
    [javac] ----------
    [javac] 39. WARNING in D:\dump\0SBT-PR-TC11UPGR\branches\R1.4.2\Customization\RAC\com.accenture.sbt.rac\src\com\teamcenter\rac\bt7propertytextfieldbean\renderingHint\properties\BT7PropertyTextFieldBean.java (at line 26)
    [javac] 	private TextControl m_textControl;
    [javac] 	                    ^^^^^^^^^^^^^
    [javac] The value of the field BT7PropertyTextFieldBean.m_textControl is not used
    [javac] ----------
    [javac] 40. WARNING in D:\dump\0SBT-PR-TC11UPGR\branches\R1.4.2\Customization\RAC\com.accenture.sbt.rac\src\com\teamcenter\rac\bt7propertytextfieldbean\renderingHint\properties\BT7PropertyTextFieldBean.java (at line 35)
    [javac] 	public BT7PropertyTextFieldBean(FormToolkit paramFormToolkit, Composite paramComposite, boolean paramBoolean, Map paramMap)
    [javac] 	                                                                                                              ^^^
    [javac] Map is a raw type. References to generic type Map<K,V> should be parameterized
    [javac] ----------
    [javac] ----------
    [javac] 41. WARNING in D:\dump\0SBT-PR-TC11UPGR\branches\R1.4.2\Customization\RAC\com.accenture.sbt.rac\src\com\teamcenter\rac\commands\paste\CustomPasteOperation.java (at line 20)
    [javac] 	private TCComponent parentComp;
    [javac] 	                    ^^^^^^^^^^
    [javac] The value of the field CustomPasteOperation.parentComp is not used
    [javac] ----------
    [javac] 42. WARNING in D:\dump\0SBT-PR-TC11UPGR\branches\R1.4.2\Customization\RAC\com.accenture.sbt.rac\src\com\teamcenter\rac\commands\paste\CustomPasteOperation.java (at line 21)
    [javac] 	private AIFComponentContext[] contextArray;
    [javac] 	                              ^^^^^^^^^^^^
    [javac] The value of the field CustomPasteOperation.contextArray is not used
    [javac] ----------
    [javac] 43. WARNING in D:\dump\0SBT-PR-TC11UPGR\branches\R1.4.2\Customization\RAC\com.accenture.sbt.rac\src\com\teamcenter\rac\commands\paste\CustomPasteOperation.java (at line 22)
    [javac] 	private InterfaceAIFComponent[] childrenComps;
    [javac] 	                                ^^^^^^^^^^^^^
    [javac] The value of the field CustomPasteOperation.childrenComps is not used
    [javac] ----------
    [javac] 44. WARNING in D:\dump\0SBT-PR-TC11UPGR\branches\R1.4.2\Customization\RAC\com.accenture.sbt.rac\src\com\teamcenter\rac\commands\paste\CustomPasteOperation.java (at line 23)
    [javac] 	private String contextString;
    [javac] 	               ^^^^^^^^^^^^^
    [javac] The value of the field CustomPasteOperation.contextString is not used
    [javac] ----------
    [javac] 45. WARNING in D:\dump\0SBT-PR-TC11UPGR\branches\R1.4.2\Customization\RAC\com.accenture.sbt.rac\src\com\teamcenter\rac\commands\paste\CustomPasteOperation.java (at line 24)
    [javac] 	private boolean openAfterPasteFlag;
    [javac] 	                ^^^^^^^^^^^^^^^^^^
    [javac] The value of the field CustomPasteOperation.openAfterPasteFlag is not used
    [javac] ----------
    [javac] 46. WARNING in D:\dump\0SBT-PR-TC11UPGR\branches\R1.4.2\Customization\RAC\com.accenture.sbt.rac\src\com\teamcenter\rac\commands\paste\CustomPasteOperation.java (at line 25)
    [javac] 	private Object operationResultNew;
    [javac] 	               ^^^^^^^^^^^^^^^^^^
    [javac] The value of the field CustomPasteOperation.operationResultNew is not used
    [javac] ----------
    [javac] 47. WARNING in D:\dump\0SBT-PR-TC11UPGR\branches\R1.4.2\Customization\RAC\com.accenture.sbt.rac\src\com\teamcenter\rac\commands\paste\CustomPasteOperation.java (at line 26)
    [javac] 	private boolean statusUse;
    [javac] 	                ^^^^^^^^^
    [javac] The value of the field CustomPasteOperation.statusUse is not used
    [javac] ----------
    [javac] 48. WARNING in D:\dump\0SBT-PR-TC11UPGR\branches\R1.4.2\Customization\RAC\com.accenture.sbt.rac\src\com\teamcenter\rac\commands\paste\CustomPasteOperation.java (at line 42)
    [javac] 	this.paramTCComponent = paramTCComponent;
    [javac] 	     ^^^^^^^^^^^^^^^^
    [javac] The static field CustomPasteOperation.paramTCComponent should be accessed in a static way
    [javac] ----------
    [javac] 49. WARNING in D:\dump\0SBT-PR-TC11UPGR\branches\R1.4.2\Customization\RAC\com.accenture.sbt.rac\src\com\teamcenter\rac\commands\paste\CustomPasteOperation.java (at line 43)
    [javac] 	this.paramString = paramString;
    [javac] 	     ^^^^^^^^^^^
    [javac] The static field CustomPasteOperation.paramString should be accessed in a static way
    [javac] ----------
    [javac] 49 problems (49 warnings)
     [copy] Copying 44 files to D:\dump\0SBT-PR-TC11UPGR\branches\R1.4.2\Customization\RAC\com.accenture.sbt.rac\bin\com.accenture.sbt.rac
     [copy] Copied 11 empty directories to 1 empty directory under D:\dump\0SBT-PR-TC11UPGR\branches\R1.4.2\Customization\RAC\com.accenture.sbt.rac\bin\com.accenture.sbt.rac
     [copy] Copying 1 file to D:\dump\0SBT-PR-TC11UPGR\branches\R1.4.2\Customization\RAC\com.accenture.sbt.rac\bin\com.accenture.sbt.rac
     [copy] Copying 1 file to D:\dump\0SBT-PR-TC11UPGR\branches\R1.4.2\Customization\RAC\com.accenture.sbt.rac\bin\com.accenture.sbt.rac
     [copy] Copying 14 files to D:\dump\0SBT-PR-TC11UPGR\branches\R1.4.2\Customization\RAC\com.accenture.sbt.rac\bin\com.accenture.sbt.rac
     [echo]  Creating Jar - com.accenture.sbt.rac_1.0.0.0.jar 
      [jar] Building jar: D:\dump\0SBT-PR-TC11UPGR\branches\R1.4.2\Customization\RAC\binaries\com.accenture.sbt.rac_1.0.0.0.jar
   [delete] Deleting: D:\dump\0SBT-PR-TC11UPGR\branches\R1.4.2\Customization\RAC\com.accenture.sbt.rac\rerun
     [echo]  Project processed successfully 
