    [mkdir] Created dir: D:\dump\0SBT-PR-TC11UPGR\branches\R1.4.2\Customization\RAC\com.drwe.sbt.rac\lib
    [mkdir] Created dir: D:\dump\0SBT-PR-TC11UPGR\branches\R1.4.2\Customization\RAC\com.drwe.sbt.rac\bin\com.drwe.sbt.rac
     [echo]  Compiling the source java files 
     [echo] bundle.. = com.drwe.sbt.rac
    [javac] Compiling 4 source files to D:\dump\0SBT-PR-TC11UPGR\branches\R1.4.2\Customization\RAC\com.drwe.sbt.rac\bin\com.drwe.sbt.rac
    [javac] ----------
    [javac] 1. WARNING in D:\dump\0SBT-PR-TC11UPGR\branches\R1.4.2\Customization\RAC\com.drwe.sbt.rac\src\com\drwe\sbt\rac\tools\CreateNotice.java (at line 16)
    [javac] 	import com.teamcenter.rac.kernel.TCComponentType;
    [javac] 	       ^^^^^^^^^^^^^^^^^^^^^^^^^^^^^^^^^^^^^^^^^
    [javac] The import com.teamcenter.rac.kernel.TCComponentType is never used
    [javac] ----------
    [javac] ----------
    [javac] 2. WARNING in D:\dump\0SBT-PR-TC11UPGR\branches\R1.4.2\Customization\RAC\com.drwe.sbt.rac\src\com\drwe\sbt\rac\tools\ExportDatasetNR.java (at line 46)
    [javac] 	logger.debug(String.format("selected components: %d", selComps.length));
    [javac] 	                                                      ^^^^^^^^^^^^^^^
    [javac] The expression of type int is boxed into Integer
    [javac] ----------
    [javac] ----------
    [javac] 3. WARNING in D:\dump\0SBT-PR-TC11UPGR\branches\R1.4.2\Customization\RAC\com.drwe.sbt.rac\src\com\drwe\sbt\rac\tools\ExportReference.java (at line 55)
    [javac] 	logger.debug(String.format("selected components: %d", selComps.length));
    [javac] 	                                                      ^^^^^^^^^^^^^^^
    [javac] The expression of type int is boxed into Integer
    [javac] ----------
    [javac] 3 problems (3 warnings)
     [copy] Copying 2 files to D:\dump\0SBT-PR-TC11UPGR\branches\R1.4.2\Customization\RAC\com.drwe.sbt.rac\bin\com.drwe.sbt.rac
     [copy] Copying 1 file to D:\dump\0SBT-PR-TC11UPGR\branches\R1.4.2\Customization\RAC\com.drwe.sbt.rac\bin\com.drwe.sbt.rac
     [copy] Copying 1 file to D:\dump\0SBT-PR-TC11UPGR\branches\R1.4.2\Customization\RAC\com.drwe.sbt.rac\bin\com.drwe.sbt.rac
     [copy] Copying 3 files to D:\dump\0SBT-PR-TC11UPGR\branches\R1.4.2\Customization\RAC\com.drwe.sbt.rac\bin\com.drwe.sbt.rac
     [echo]  Creating Jar - com.drwe.sbt.rac_1.1.0.0.jar 
      [jar] Building jar: D:\dump\0SBT-PR-TC11UPGR\branches\R1.4.2\Customization\RAC\binaries\com.drwe.sbt.rac_1.1.0.0.jar
   [delete] Deleting: D:\dump\0SBT-PR-TC11UPGR\branches\R1.4.2\Customization\RAC\com.drwe.sbt.rac\rerun
     [echo]  Project processed successfully 
