-----------------------------------------------------------
Start template project upgrade Fri May 19 06:09:27 UTC 2017
-----------------------------------------------------------
Getting project data files to perform pre load migration...
  Project Data (None found) -> FeatureFile Migration
  Project Data (None found) -> Feature Dependency Migration
  Project Data (None found) -> Feature File Data Model Removable Element Migration
  Project Data (None found) -> DependencyFile Migration
  Project Data (None found) -> File Repository Project Upgrade Service
  Project Data (None found) -> Project Info file Migration Service
  Project Data (None found) -> Install scripts Migration Service
  Project Data (None found) -> Icon Folder Creation Migration Service
  Project Data (None found) -> Template Detection Migration
  Project Data (None found) -> Update Dependency and Feature Files
  No project data files to migrate.
Getting model files to perform pre load migration...
  [O:\0SBT-PR-TC11UPGR\branches\R1.4.2\Datamodel\SBT_1PLM4BT\extensions\default.xml]
    (None found) -> Default Description Writer Service 
  [O:\0SBT-PR-TC11UPGR\branches\R1.4.2\Datamodel\SBT_1PLM4BT\extensions\bt7_options\bt7_status.xml]
    (None found) -> Default Description Writer Service 
  [O:\0SBT-PR-TC11UPGR\branches\R1.4.2\Datamodel\SBT_1PLM4BT\extensions\bt7_options\bt_tools.xml]
    (None found) -> Default Description Writer Service 
  [O:\0SBT-PR-TC11UPGR\branches\R1.4.2\Datamodel\SBT_1PLM4BT\extensions\bt7_options\bt7_uom.xml]
    (None found) -> Default Description Writer Service 
  [O:\0SBT-PR-TC11UPGR\branches\R1.4.2\Datamodel\SBT_1PLM4BT\extensions\bt7_options\bt7_note_types.xml]
    (None found) -> Default Description Writer Service 
  [O:\0SBT-PR-TC11UPGR\branches\R1.4.2\Datamodel\SBT_1PLM4BT\extensions\bt7_lov\bt7_lov_alternateuom.xml]
    (None found) -> Default Description Writer Service 
  [O:\0SBT-PR-TC11UPGR\branches\R1.4.2\Datamodel\SBT_1PLM4BT\extensions\bt7_lov\bt7_lov_appruser_2.xml]
    (None found) -> Default Description Writer Service 
  [O:\0SBT-PR-TC11UPGR\branches\R1.4.2\Datamodel\SBT_1PLM4BT\extensions\bt7_lov\bt7_lov_2ndlanguagecode.xml]
    (None found) -> Default Description Writer Service 
  [O:\0SBT-PR-TC11UPGR\branches\R1.4.2\Datamodel\SBT_1PLM4BT\extensions\bt7_lov\bt7_lov_datasetdesc.xml]
    (None found) -> Default Description Writer Service 
  [O:\0SBT-PR-TC11UPGR\branches\R1.4.2\Datamodel\SBT_1PLM4BT\extensions\bt7_lov\bt7_lov_docorigin.xml]
    (None found) -> Default Description Writer Service 
  [O:\0SBT-PR-TC11UPGR\branches\R1.4.2\Datamodel\SBT_1PLM4BT\extensions\bt7_lov\bt7_lov_documenttype.xml]
    (None found) -> Default Description Writer Service 
  [O:\0SBT-PR-TC11UPGR\branches\R1.4.2\Datamodel\SBT_1PLM4BT\extensions\bt7_lov\bt7_lov_documenttype_de.xml]
    (None found) -> Default Description Writer Service 
  [O:\0SBT-PR-TC11UPGR\branches\R1.4.2\Datamodel\SBT_1PLM4BT\extensions\bt7_lov\bt7_lov_documenttype_en.xml]
    (None found) -> Default Description Writer Service 
  [O:\0SBT-PR-TC11UPGR\branches\R1.4.2\Datamodel\SBT_1PLM4BT\extensions\bt7_lov\bt7_lov_firstuse.xml]
    (None found) -> Default Description Writer Service 
  [O:\0SBT-PR-TC11UPGR\branches\R1.4.2\Datamodel\SBT_1PLM4BT\extensions\bt7_lov\bt7_lov_generaltolerance.xml]
    (None found) -> Default Description Writer Service 
  [O:\0SBT-PR-TC11UPGR\branches\R1.4.2\Datamodel\SBT_1PLM4BT\extensions\bt7_lov\bt7_lov_massunit.xml]
    (None found) -> Default Description Writer Service 
  [O:\0SBT-PR-TC11UPGR\branches\R1.4.2\Datamodel\SBT_1PLM4BT\extensions\bt7_lov\bt7_lov_methodofmanufact.xml]
    (None found) -> Default Description Writer Service 
  [O:\0SBT-PR-TC11UPGR\branches\R1.4.2\Datamodel\SBT_1PLM4BT\extensions\bt7_lov\bt7_lov_methodofmanufact_de.xml]
    (None found) -> Default Description Writer Service 
  [O:\0SBT-PR-TC11UPGR\branches\R1.4.2\Datamodel\SBT_1PLM4BT\extensions\bt7_lov\bt7_lov_methodofmanufact_en.xml]
    (None found) -> Default Description Writer Service 
  [O:\0SBT-PR-TC11UPGR\branches\R1.4.2\Datamodel\SBT_1PLM4BT\extensions\bt7_lov\bt7_lov_parttype.xml]
    (None found) -> Default Description Writer Service 
  [O:\0SBT-PR-TC11UPGR\branches\R1.4.2\Datamodel\SBT_1PLM4BT\extensions\bt7_lov\bt7_lov_parttype_de.xml]
    (None found) -> Default Description Writer Service 
  [O:\0SBT-PR-TC11UPGR\branches\R1.4.2\Datamodel\SBT_1PLM4BT\extensions\bt7_lov\bt7_lov_parttype_en.xml]
    (None found) -> Default Description Writer Service 
  [O:\0SBT-PR-TC11UPGR\branches\R1.4.2\Datamodel\SBT_1PLM4BT\extensions\bt7_lov\bt7_lov_producttype.xml]
    (None found) -> Default Description Writer Service 
  [O:\0SBT-PR-TC11UPGR\branches\R1.4.2\Datamodel\SBT_1PLM4BT\extensions\bt7_lov\bt7_lov_producttype_de.xml]
    (None found) -> Default Description Writer Service 
  [O:\0SBT-PR-TC11UPGR\branches\R1.4.2\Datamodel\SBT_1PLM4BT\extensions\bt7_lov\bt7_lov_producttype_en.xml]
    (None found) -> Default Description Writer Service 
  [O:\0SBT-PR-TC11UPGR\branches\R1.4.2\Datamodel\SBT_1PLM4BT\extensions\bt7_lov\bt7_lov_responsible.xml]
    (None found) -> Default Description Writer Service 
  [O:\0SBT-PR-TC11UPGR\branches\R1.4.2\Datamodel\SBT_1PLM4BT\extensions\bt7_lov\bt7_lov_statuslist.xml]
    (None found) -> Default Description Writer Service 
  [O:\0SBT-PR-TC11UPGR\branches\R1.4.2\Datamodel\SBT_1PLM4BT\extensions\bt7_lov\bt7_lov_supplier.xml]
    (None found) -> Default Description Writer Service 
  [O:\0SBT-PR-TC11UPGR\branches\R1.4.2\Datamodel\SBT_1PLM4BT\extensions\bt7_lov\bt7_lov_surface.xml]
    (None found) -> Default Description Writer Service 
  [O:\0SBT-PR-TC11UPGR\branches\R1.4.2\Datamodel\SBT_1PLM4BT\extensions\bt7_lov\bt7_lov_surface_de.xml]
    (None found) -> Default Description Writer Service 
  [O:\0SBT-PR-TC11UPGR\branches\R1.4.2\Datamodel\SBT_1PLM4BT\extensions\bt7_lov\bt7_lov_surface_en.xml]
    (None found) -> Default Description Writer Service 
  [O:\0SBT-PR-TC11UPGR\branches\R1.4.2\Datamodel\SBT_1PLM4BT\extensions\bt7_lov\bt7_lov_tcentdocclass.xml]
    (None found) -> Default Description Writer Service 
  [O:\0SBT-PR-TC11UPGR\branches\R1.4.2\Datamodel\SBT_1PLM4BT\extensions\bt7_lov\bt7_lov_tooltype.xml]
    (None found) -> Default Description Writer Service 
  [O:\0SBT-PR-TC11UPGR\branches\R1.4.2\Datamodel\SBT_1PLM4BT\extensions\bt7_lov\bt7_lov_tooltype_de.xml]
    (None found) -> Default Description Writer Service 
  [O:\0SBT-PR-TC11UPGR\branches\R1.4.2\Datamodel\SBT_1PLM4BT\extensions\bt7_lov\bt7_lov_tooltype_en.xml]
    (None found) -> Default Description Writer Service 
  [O:\0SBT-PR-TC11UPGR\branches\R1.4.2\Datamodel\SBT_1PLM4BT\extensions\bt7_lov\bt7_lov_treatment.xml]
    (None found) -> Default Description Writer Service 
  [O:\0SBT-PR-TC11UPGR\branches\R1.4.2\Datamodel\SBT_1PLM4BT\extensions\bt7_lov\bt7_lov_treatment_de.xml]
    (None found) -> Default Description Writer Service 
  [O:\0SBT-PR-TC11UPGR\branches\R1.4.2\Datamodel\SBT_1PLM4BT\extensions\bt7_lov\bt7_lov_treatment_en.xml]
    (None found) -> Default Description Writer Service 
  [O:\0SBT-PR-TC11UPGR\branches\R1.4.2\Datamodel\SBT_1PLM4BT\extensions\bt7_lov\bt7_lov_volumeunit.xml]
    (None found) -> Default Description Writer Service 
  [O:\0SBT-PR-TC11UPGR\branches\R1.4.2\Datamodel\SBT_1PLM4BT\extensions\bt7_lov\bt7_lov_yesorno.xml]
    (None found) -> Default Description Writer Service 
  [O:\0SBT-PR-TC11UPGR\branches\R1.4.2\Datamodel\SBT_1PLM4BT\extensions\bt7_lov\overallscore_overalldirective1.xml]
    (None found) -> Default Description Writer Service 
  [O:\0SBT-PR-TC11UPGR\branches\R1.4.2\Datamodel\SBT_1PLM4BT\extensions\bt7_rules\bt7_naming_rules.xml]
    (None found) -> Default Description Writer Service 
  [O:\0SBT-PR-TC11UPGR\branches\R1.4.2\Datamodel\SBT_1PLM4BT\extensions\bt7_rules\bt7_tcpb_runtime_properties.xml]
    (None found) -> Default Description Writer Service 
  [O:\0SBT-PR-TC11UPGR\branches\R1.4.2\Datamodel\SBT_1PLM4BT\extensions\bt7_business_objects\bt7_business_objects.xml]
    (None found) -> Default Description Writer Service 
  [O:\0SBT-PR-TC11UPGR\branches\R1.4.2\Datamodel\SBT_1PLM4BT\extensions\bt7_lov\bt7_lov_attache.xml]
    (None found) -> Default Description Writer Service 
  [O:\0SBT-PR-TC11UPGR\branches\R1.4.2\Datamodel\SBT_1PLM4BT\extensions\bt7_rules\bt7_grm_rules.xml]
    (None found) -> Default Description Writer Service 
  [O:\0SBT-PR-TC11UPGR\branches\R1.4.2\Datamodel\SBT_1PLM4BT\extensions\bt7_rules\bt7_deep_copy_rules.xml]
    (None found) -> Default Description Writer Service 
  [O:\0SBT-PR-TC11UPGR\branches\R1.4.2\Datamodel\SBT_1PLM4BT\extensions\bt7_rules\bt7_type_display_rules.xml]
    (None found) -> Default Description Writer Service 
  [O:\0SBT-PR-TC11UPGR\branches\R1.4.2\Datamodel\SBT_1PLM4BT\extensions\bt7_rules\bt7_extension_rules.xml]
    (None found) -> Default Description Writer Service 
  [O:\0SBT-PR-TC11UPGR\branches\R1.4.2\Datamodel\SBT_1PLM4BT\extensions\bt7_lov\bt7_lov_authority_classification.xml]
    (None found) -> Default Description Writer Service 
  [O:\0SBT-PR-TC11UPGR\branches\R1.4.2\Datamodel\SBT_1PLM4BT\extensions\bt7_rules\bt7_compound_property_rules.xml]
    (None found) -> Default Description Writer Service 
  [O:\0SBT-PR-TC11UPGR\branches\R1.4.2\Datamodel\SBT_1PLM4BT\extensions\bt7_rules\bt7_condition.xml]
    (None found) -> Default Description Writer Service 
  [O:\0SBT-PR-TC11UPGR\branches\R1.4.2\Datamodel\SBT_1PLM4BT\extensions\bt7_multisite_delta_changes.xml]
    (None found) -> Default Description Writer Service 
  [O:\0SBT-PR-TC11UPGR\branches\R1.4.2\Datamodel\SBT_1PLM4BT\extensions\lang\de_DE\bt7_rules\bt7_condition_de_DE.xml]
    (None found) -> Default Description Writer Service 
  [O:\0SBT-PR-TC11UPGR\branches\R1.4.2\Datamodel\SBT_1PLM4BT\extensions\lang\en_US\bt7_business_objects\bt7_business_objects_en_US.xml]
    (None found) -> Default Description Writer Service 
  [O:\0SBT-PR-TC11UPGR\branches\R1.4.2\Datamodel\SBT_1PLM4BT\extensions\lang\en_US\bt7_lov\bt7_lov_2ndlanguagecode_en_US.xml]
    (None found) -> Default Description Writer Service 
  [O:\0SBT-PR-TC11UPGR\branches\R1.4.2\Datamodel\SBT_1PLM4BT\extensions\lang\en_US\bt7_lov\bt7_lov_alternateuom_en_US.xml]
    (None found) -> Default Description Writer Service 
  [O:\0SBT-PR-TC11UPGR\branches\R1.4.2\Datamodel\SBT_1PLM4BT\extensions\lang\en_US\bt7_lov\bt7_lov_appruser_2_en_US.xml]
    (None found) -> Default Description Writer Service 
  [O:\0SBT-PR-TC11UPGR\branches\R1.4.2\Datamodel\SBT_1PLM4BT\extensions\lang\en_US\bt7_lov\bt7_lov_attache_en_US.xml]
    (None found) -> Default Description Writer Service 
  [O:\0SBT-PR-TC11UPGR\branches\R1.4.2\Datamodel\SBT_1PLM4BT\extensions\lang\en_US\bt7_lov\bt7_lov_authority_classification_en_US.xml]
    (None found) -> Default Description Writer Service 
  [O:\0SBT-PR-TC11UPGR\branches\R1.4.2\Datamodel\SBT_1PLM4BT\extensions\lang\en_US\bt7_lov\bt7_lov_datasetdesc_en_US.xml]
    (None found) -> Default Description Writer Service 
  [O:\0SBT-PR-TC11UPGR\branches\R1.4.2\Datamodel\SBT_1PLM4BT\extensions\lang\en_US\bt7_lov\bt7_lov_docorigin_en_US.xml]
    (None found) -> Default Description Writer Service 
  [O:\0SBT-PR-TC11UPGR\branches\R1.4.2\Datamodel\SBT_1PLM4BT\extensions\lang\en_US\bt7_lov\bt7_lov_documenttype_de_en_US.xml]
    (None found) -> Default Description Writer Service 
  [O:\0SBT-PR-TC11UPGR\branches\R1.4.2\Datamodel\SBT_1PLM4BT\extensions\lang\en_US\bt7_lov\bt7_lov_documenttype_en_en_US.xml]
    (None found) -> Default Description Writer Service 
  [O:\0SBT-PR-TC11UPGR\branches\R1.4.2\Datamodel\SBT_1PLM4BT\extensions\lang\en_US\bt7_lov\bt7_lov_documenttype_en_US.xml]
    (None found) -> Default Description Writer Service 
  [O:\0SBT-PR-TC11UPGR\branches\R1.4.2\Datamodel\SBT_1PLM4BT\extensions\lang\en_US\bt7_lov\bt7_lov_firstuse_en_US.xml]
    (None found) -> Default Description Writer Service 
  [O:\0SBT-PR-TC11UPGR\branches\R1.4.2\Datamodel\SBT_1PLM4BT\extensions\lang\en_US\bt7_lov\bt7_lov_generaltolerance_en_US.xml]
    (None found) -> Default Description Writer Service 
  [O:\0SBT-PR-TC11UPGR\branches\R1.4.2\Datamodel\SBT_1PLM4BT\extensions\lang\en_US\bt7_lov\bt7_lov_massunit_en_US.xml]
    (None found) -> Default Description Writer Service 
  [O:\0SBT-PR-TC11UPGR\branches\R1.4.2\Datamodel\SBT_1PLM4BT\extensions\lang\en_US\bt7_lov\bt7_lov_methodofmanufact_de_en_US.xml]
    (None found) -> Default Description Writer Service 
  [O:\0SBT-PR-TC11UPGR\branches\R1.4.2\Datamodel\SBT_1PLM4BT\extensions\lang\en_US\bt7_lov\bt7_lov_methodofmanufact_en_en_US.xml]
    (None found) -> Default Description Writer Service 
  [O:\0SBT-PR-TC11UPGR\branches\R1.4.2\Datamodel\SBT_1PLM4BT\extensions\lang\en_US\bt7_lov\bt7_lov_methodofmanufact_en_US.xml]
    (None found) -> Default Description Writer Service 
  [O:\0SBT-PR-TC11UPGR\branches\R1.4.2\Datamodel\SBT_1PLM4BT\extensions\lang\en_US\bt7_lov\bt7_lov_parttype_de_en_US.xml]
    (None found) -> Default Description Writer Service 
  [O:\0SBT-PR-TC11UPGR\branches\R1.4.2\Datamodel\SBT_1PLM4BT\extensions\lang\en_US\bt7_lov\bt7_lov_parttype_en_en_US.xml]
    (None found) -> Default Description Writer Service 
  [O:\0SBT-PR-TC11UPGR\branches\R1.4.2\Datamodel\SBT_1PLM4BT\extensions\lang\en_US\bt7_lov\bt7_lov_parttype_en_US.xml]
    (None found) -> Default Description Writer Service 
  [O:\0SBT-PR-TC11UPGR\branches\R1.4.2\Datamodel\SBT_1PLM4BT\extensions\lang\en_US\bt7_lov\bt7_lov_producttype_de_en_US.xml]
    (None found) -> Default Description Writer Service 
  [O:\0SBT-PR-TC11UPGR\branches\R1.4.2\Datamodel\SBT_1PLM4BT\extensions\lang\en_US\bt7_lov\bt7_lov_producttype_en_en_US.xml]
    (None found) -> Default Description Writer Service 
  [O:\0SBT-PR-TC11UPGR\branches\R1.4.2\Datamodel\SBT_1PLM4BT\extensions\lang\en_US\bt7_lov\bt7_lov_producttype_en_US.xml]
    (None found) -> Default Description Writer Service 
  [O:\0SBT-PR-TC11UPGR\branches\R1.4.2\Datamodel\SBT_1PLM4BT\extensions\lang\en_US\bt7_lov\bt7_lov_responsible_en_US.xml]
    (None found) -> Default Description Writer Service 
  [O:\0SBT-PR-TC11UPGR\branches\R1.4.2\Datamodel\SBT_1PLM4BT\extensions\lang\en_US\bt7_lov\bt7_lov_statuslist_en_US.xml]
    (None found) -> Default Description Writer Service 
  [O:\0SBT-PR-TC11UPGR\branches\R1.4.2\Datamodel\SBT_1PLM4BT\extensions\lang\en_US\bt7_lov\bt7_lov_supplier_en_US.xml]
    (None found) -> Default Description Writer Service 
  [O:\0SBT-PR-TC11UPGR\branches\R1.4.2\Datamodel\SBT_1PLM4BT\extensions\lang\en_US\bt7_lov\bt7_lov_surface_de_en_US.xml]
    (None found) -> Default Description Writer Service 
  [O:\0SBT-PR-TC11UPGR\branches\R1.4.2\Datamodel\SBT_1PLM4BT\extensions\lang\en_US\bt7_lov\bt7_lov_surface_en_en_US.xml]
    (None found) -> Default Description Writer Service 
  [O:\0SBT-PR-TC11UPGR\branches\R1.4.2\Datamodel\SBT_1PLM4BT\extensions\lang\en_US\bt7_lov\bt7_lov_surface_en_US.xml]
    (None found) -> Default Description Writer Service 
  [O:\0SBT-PR-TC11UPGR\branches\R1.4.2\Datamodel\SBT_1PLM4BT\extensions\lang\en_US\bt7_lov\bt7_lov_tcentdocclass_en_US.xml]
    (None found) -> Default Description Writer Service 
  [O:\0SBT-PR-TC11UPGR\branches\R1.4.2\Datamodel\SBT_1PLM4BT\extensions\lang\en_US\bt7_lov\bt7_lov_tooltype_de_en_US.xml]
    (None found) -> Default Description Writer Service 
  [O:\0SBT-PR-TC11UPGR\branches\R1.4.2\Datamodel\SBT_1PLM4BT\extensions\lang\en_US\bt7_lov\bt7_lov_tooltype_en_en_US.xml]
    (None found) -> Default Description Writer Service 
  [O:\0SBT-PR-TC11UPGR\branches\R1.4.2\Datamodel\SBT_1PLM4BT\extensions\lang\en_US\bt7_lov\bt7_lov_tooltype_en_US.xml]
    (None found) -> Default Description Writer Service 
  [O:\0SBT-PR-TC11UPGR\branches\R1.4.2\Datamodel\SBT_1PLM4BT\extensions\lang\en_US\bt7_lov\bt7_lov_treatment_de_en_US.xml]
    (None found) -> Default Description Writer Service 
  [O:\0SBT-PR-TC11UPGR\branches\R1.4.2\Datamodel\SBT_1PLM4BT\extensions\lang\en_US\bt7_lov\bt7_lov_treatment_en_en_US.xml]
    (None found) -> Default Description Writer Service 
  [O:\0SBT-PR-TC11UPGR\branches\R1.4.2\Datamodel\SBT_1PLM4BT\extensions\lang\en_US\bt7_lov\bt7_lov_treatment_en_US.xml]
    (None found) -> Default Description Writer Service 
  [O:\0SBT-PR-TC11UPGR\branches\R1.4.2\Datamodel\SBT_1PLM4BT\extensions\lang\en_US\bt7_lov\bt7_lov_volumeunit_en_US.xml]
    (None found) -> Default Description Writer Service 
  [O:\0SBT-PR-TC11UPGR\branches\R1.4.2\Datamodel\SBT_1PLM4BT\extensions\lang\en_US\bt7_lov\bt7_lov_yesorno_en_US.xml]
    (None found) -> Default Description Writer Service 
  [O:\0SBT-PR-TC11UPGR\branches\R1.4.2\Datamodel\SBT_1PLM4BT\extensions\lang\en_US\bt7_lov\overallscore_overalldirective1_en_US.xml]
    (None found) -> Default Description Writer Service 
  [O:\0SBT-PR-TC11UPGR\branches\R1.4.2\Datamodel\SBT_1PLM4BT\extensions\lang\en_US\bt7_multisite_delta_changes_en_US.xml]
    (None found) -> Default Description Writer Service 
  [O:\0SBT-PR-TC11UPGR\branches\R1.4.2\Datamodel\SBT_1PLM4BT\extensions\lang\en_US\bt7_options\bt7_note_types_en_US.xml]
    (None found) -> Default Description Writer Service 
  [O:\0SBT-PR-TC11UPGR\branches\R1.4.2\Datamodel\SBT_1PLM4BT\extensions\lang\en_US\bt7_options\bt7_status_en_US.xml]
    (None found) -> Default Description Writer Service 
  [O:\0SBT-PR-TC11UPGR\branches\R1.4.2\Datamodel\SBT_1PLM4BT\extensions\lang\en_US\bt7_options\bt7_uom_en_US.xml]
    (None found) -> Default Description Writer Service 
  [O:\0SBT-PR-TC11UPGR\branches\R1.4.2\Datamodel\SBT_1PLM4BT\extensions\lang\en_US\bt7_options\bt_tools_en_US.xml]
    (None found) -> Default Description Writer Service 
  [O:\0SBT-PR-TC11UPGR\branches\R1.4.2\Datamodel\SBT_1PLM4BT\extensions\lang\en_US\bt7_rules\bt7_compound_property_rules_en_US.xml]
    (None found) -> Default Description Writer Service 
  [O:\0SBT-PR-TC11UPGR\branches\R1.4.2\Datamodel\SBT_1PLM4BT\extensions\lang\en_US\bt7_rules\bt7_condition_en_US.xml]
    (None found) -> Default Description Writer Service 
  [O:\0SBT-PR-TC11UPGR\branches\R1.4.2\Datamodel\SBT_1PLM4BT\extensions\lang\en_US\bt7_rules\bt7_deep_copy_rules_en_US.xml]
    (None found) -> Default Description Writer Service 
  [O:\0SBT-PR-TC11UPGR\branches\R1.4.2\Datamodel\SBT_1PLM4BT\extensions\lang\en_US\bt7_rules\bt7_extension_rules_en_US.xml]
    (None found) -> Default Description Writer Service 
  [O:\0SBT-PR-TC11UPGR\branches\R1.4.2\Datamodel\SBT_1PLM4BT\extensions\lang\en_US\bt7_rules\bt7_grm_rules_en_US.xml]
    (None found) -> Default Description Writer Service 
  [O:\0SBT-PR-TC11UPGR\branches\R1.4.2\Datamodel\SBT_1PLM4BT\extensions\lang\en_US\bt7_rules\bt7_naming_rules_en_US.xml]
    (None found) -> Default Description Writer Service 
  [O:\0SBT-PR-TC11UPGR\branches\R1.4.2\Datamodel\SBT_1PLM4BT\extensions\lang\en_US\bt7_rules\bt7_tcpb_runtime_properties_en_US.xml]
    (None found) -> Default Description Writer Service 
  [O:\0SBT-PR-TC11UPGR\branches\R1.4.2\Datamodel\SBT_1PLM4BT\extensions\lang\en_US\bt7_rules\bt7_type_display_rules_en_US.xml]
    (None found) -> Default Description Writer Service 
  [O:\0SBT-PR-TC11UPGR\branches\R1.4.2\Datamodel\SBT_1PLM4BT\extensions\lang\en_US\default_en_US.xml]
    (None found) -> Default Description Writer Service 
  No model files to migrate.
Performing pre load migration:
  Backing up project files for migration...
  Performing project files migration...
    No project data migration required.
  Backing up model files for migration...
  Performing model files migration...
    No model migration required.
Getting files to perform post load migration...
    (None found) -> Library Migration
    (None found) -> AIEDSConfiguredProperties Content Migration
    (None found) -> TcPropertyRule migration
    (None found) -> Extension migration
    (None found) -> TcValidationData migration
    (None found) -> BOMViewRevision migration
    (None found) -> Naming Rule Attachment Migration
    (None found) -> Type Constant Migration Service
    (None found) -> Partition Scheme Constant Migration Service
    (None found) -> Type Properties Data Migration Service
    (None found) -> OperationInputType Creation Migration Service
    (None found) -> TcDeepCopyRule Migration
    (None found) -> Secondary to Primary Conversion Validation and Migration Service
    (None found) -> Migrate TcTypeConstantAttach for AutoCopyRel and AutoRevise constant to TcDeepCopyRule
    (None found) -> Naming Rule Migration
    (None found) -> LOV Attachment Merge Migration Service 
    (None found) -> LOV Attachment Migration
    (None found) -> LOV Value Migration
    (None found) -> LOV Value SubLOVAttach Migration
    (None found) -> Filter LOV Value Migration
    (None found) -> Extension Attach Migration
    (None found) -> Type Display Rule Migration
    (None found) -> ArtifactName Migration Service
    (None found) -> Tracelink migration service
    (None found) -> Schedule Task Properties Content Migration
    (None found) -> Locale Selection Migration Service.
    (None found) -> PoObjectType Content Migration
    (None found) -> Configuration Context Properties Content Migration
    (None found) -> User Inbox Migration Service
    (None found) -> OperationInputType Creation Migration Service
    (None found) -> Property Name Localization Migration Service
    (None found) -> Custom Post Action Migration Service.
    (None found) -> Extension file sorting service
    (None found) -> RLMAccessDefinition Migration Service
    (None found) -> TcChangeProcessTemplate Name Migration Service
    (None found) -> Partition Item "Save As Input" Migration
    (None found) -> Global Constant Attach Migration to retire RDVUseNewVariantModel - the TcGlobalConstantAttach
    (None found) -> Workflow obsoleted classes reference removal Migration Service
    (None found) -> Workflow obsoleted classes reference removal from lang files Migration Service
    (None found) -> Condition Description Localization Migration Service
    (None found) -> Multi-Field Key Migration Service
    (None found) -> Property Constant Attach Migration to retire Fnd0SecurityPropagationEnabled - the TcPropertyConstantAttach
    (None found) -> Condition Expression Migration Service
    (None found) -> OperationInputType on Form or its child migration service
    (None found) -> Global Constant Attach Migration to retire Fnd0PropagateToSecondaryDatasets - the TcGlobalConstantAttach
    (Migrated)   -> Default Description Writer Service 
Performing post load migration...
  Backing up model files for post load migration...
  Executing model migration: Default Description Writer Service 
--------------------------------------------
Project "SBT_1PLM4BT" upgraded successfully.
--------------------------------------------
    Deleting all backup files...
---------------------------------------------------------
End template project upgrade Fri May 19 06:11:12 UTC 2017
---------------------------------------------------------
