[INFO] 02.10.2013 22:00:07 - OP Export Client started ...
[INFO] 02.10.2013 22:00:07 - Client Configuration loaded!
[INFO] 02.10.2013 22:00:22 - Connection to Teamcenter established, logged in as 'AdminUser'
[INFO] 02.10.2013 22:00:31 - Document-List is valid!
[INFO] 02.10.2013 22:00:32 - Transfer of Documents running ...
[SEVERE] 02.10.2013 22:00:37 - Document with ID 7462013370 can't be found and therefore not be exported!
[SEVERE] 02.10.2013 22:00:37 - Document with ID 7462013380 can't be found and therefore not be exported!
[SEVERE] 02.10.2013 22:00:38 - Document with ID 7466816510 can't be found and therefore not be exported!
[SEVERE] 02.10.2013 22:00:38 - Document with ID 462019650 can't be found and therefore not be exported!
[SEVERE] 02.10.2013 22:00:38 - Document with ID 7462013360 can't be found and therefore not be exported!
[SEVERE] 02.10.2013 22:00:38 - Document with ID 466851490 can't be found and therefore not be exported!
[SEVERE] 02.10.2013 22:00:38 - Document with ID 7466814430 can't be found and therefore not be exported!
[SEVERE] 02.10.2013 22:00:39 - Document with ID 7462004420 can't be found and therefore not be exported!
[SEVERE] 02.10.2013 22:00:40 - Document with ID 7466813800 can't be found and therefore not be exported!
[SEVERE] 02.10.2013 22:00:40 - Document with ID 7462004430 can't be found and therefore not be exported!
[SEVERE] 02.10.2013 22:00:40 - Document with ID 7466812360 can't be found and therefore not be exported!
[SEVERE] 02.10.2013 22:00:40 - Document with ID 7462013390 can't be found and therefore not be exported!
[SEVERE] 02.10.2013 22:00:40 - Document with ID 7462004400 can't be found and therefore not be exported!
[SEVERE] 02.10.2013 22:00:40 - Document with ID 7466814400 can't be found and therefore not be exported!
[SEVERE] 02.10.2013 22:00:41 - Document with ID 7462004410 can't be found and therefore not be exported!
[SEVERE] 02.10.2013 22:00:41 - Document with ID 7462005990 can't be found and therefore not be exported!
[SEVERE] 02.10.2013 22:00:41 - Document with ID 7466804920 can't be found and therefore not be exported!
[SEVERE] 02.10.2013 22:00:42 - Document with ID 7466804930 can't be found and therefore not be exported!
[SEVERE] 02.10.2013 22:00:42 - Document with ID 160701090 can't be found and therefore not be exported!
[SEVERE] 02.10.2013 22:00:43 - Document with ID 466848040 can't be found and therefore not be exported!
[SEVERE] 02.10.2013 22:00:43 - Document with ID 160701094 can't be found and therefore not be exported!
[SEVERE] 02.10.2013 22:00:43 - Document with ID 160701095 can't be found and therefore not be exported!
[SEVERE] 02.10.2013 22:00:43 - Document with ID 160701096 can't be found and therefore not be exported!
[SEVERE] 02.10.2013 22:00:43 - Document with ID 466850350 can't be found and therefore not be exported!
[SEVERE] 02.10.2013 22:00:43 - Document with ID 7462005970 can't be found and therefore not be exported!
[SEVERE] 02.10.2013 22:00:43 - Document with ID 7466804940 can't be found and therefore not be exported!
[SEVERE] 02.10.2013 22:00:43 - Document with ID 7466820390 can't be found and therefore not be exported!
[SEVERE] 02.10.2013 22:00:43 - Document with ID 7466815506 can't be found and therefore not be exported!
[SEVERE] 02.10.2013 22:00:44 - Document with ID 8000064919 can't be found and therefore not be exported!
[SEVERE] 02.10.2013 22:00:44 - Document with ID 7466815500 can't be found and therefore not be exported!
[SEVERE] 02.10.2013 22:00:45 - Document with ID 466850360 can't be found and therefore not be exported!
[SEVERE] 02.10.2013 22:00:45 - Document with ID 7462005980 can't be found and therefore not be exported!
[SEVERE] 02.10.2013 22:00:45 - Document with ID 7466804950 can't be found and therefore not be exported!
[INFO] 02.10.2013 22:00:45 - Transfer Document 8000075701 Revision: A ...
[INFO] 02.10.2013 22:00:46 - Completed successful!
[SEVERE] 02.10.2013 22:00:46 - Document with ID 466850370 can't be found and therefore not be exported!
[SEVERE] 02.10.2013 22:00:47 - Document with ID 7462002120 can't be found and therefore not be exported!
[SEVERE] 02.10.2013 22:00:47 - Document with ID 7466804960 can't be found and therefore not be exported!
[SEVERE] 02.10.2013 22:00:47 - Document with ID 466850380 can't be found and therefore not be exported!
[SEVERE] 02.10.2013 22:00:47 - Document with ID 466848090 can't be found and therefore not be exported!
[SEVERE] 02.10.2013 22:00:48 - Document with ID 466850390 can't be found and therefore not be exported!
[SEVERE] 02.10.2013 22:00:48 - Document with ID 7462002100 can't be found and therefore not be exported!
[SEVERE] 02.10.2013 22:00:48 - Document with ID 7462002110 can't be found and therefore not be exported!
[SEVERE] 02.10.2013 22:00:52 - Document with ID 7466820300 can't be found and therefore not be exported!
[SEVERE] 02.10.2013 22:00:52 - Document with ID 160701027 can't be found and therefore not be exported!
[SEVERE] 02.10.2013 22:00:53 - Document with ID 7462005960 can't be found and therefore not be exported!
[SEVERE] 02.10.2013 22:00:53 - Document with ID 160701042 can't be found and therefore not be exported!
[SEVERE] 02.10.2013 22:00:56 - Document with ID 466842710 can't be found and therefore not be exported!
[SEVERE] 02.10.2013 22:00:57 - Document with ID 466845970 can't be found and therefore not be exported!
[SEVERE] 02.10.2013 22:00:58 - Document with ID 466842700 can't be found and therefore not be exported!
[SEVERE] 02.10.2013 22:00:58 - Document with ID 466845960 can't be found and therefore not be exported!
[INFO] 02.10.2013 22:00:59 - Transfer Document 7463300520 Revision: C ...
[INFO] 02.10.2013 22:00:59 - Completed successful!
[SEVERE] 02.10.2013 22:01:00 - Document with ID 7466821850 can't be found and therefore not be exported!
[SEVERE] 02.10.2013 22:01:00 - Document with ID 7466821860 can't be found and therefore not be exported!
[SEVERE] 02.10.2013 22:01:00 - Document with ID 462019680 can't be found and therefore not be exported!
[SEVERE] 02.10.2013 22:01:01 - Document with ID 7466821870 can't be found and therefore not be exported!
[SEVERE] 02.10.2013 22:01:01 - Document with ID 466846970 can't be found and therefore not be exported!
[SEVERE] 02.10.2013 22:01:02 - Document with ID 8000053160 can't be found and therefore not be exported!
[SEVERE] 02.10.2013 22:01:03 - Document with ID 466850400 can't be found and therefore not be exported!
[INFO] 02.10.2013 22:01:03 - Transfer Document 7463300490 Revision: B ...
[INFO] 02.10.2013 22:01:03 - Completed successful!
[INFO] 02.10.2013 22:01:05 - Transfer Document 7463300470 Revision: B ...
[INFO] 02.10.2013 22:01:05 - Completed successful!
[INFO] 02.10.2013 22:01:05 - Transfer Document 7463300470 Revision: A ...
[INFO] 02.10.2013 22:01:05 - Completed successful!
[SEVERE] 02.10.2013 22:01:07 - Document with ID 466848110 can't be found and therefore not be exported!
[SEVERE] 02.10.2013 22:01:07 - Document with ID 466850410 can't be found and therefore not be exported!
[SEVERE] 02.10.2013 22:01:07 - Document with ID 466851540 can't be found and therefore not be exported!
[SEVERE] 02.10.2013 22:01:07 - Document with ID 466848120 can't be found and therefore not be exported!
[SEVERE] 02.10.2013 22:01:07 - Document with ID 466850420 can't be found and therefore not be exported!
[SEVERE] 02.10.2013 22:01:08 - Document with ID 466851520 can't be found and therefore not be exported!
[SEVERE] 02.10.2013 22:01:08 - Document with ID 466851530 can't be found and therefore not be exported!
[SEVERE] 02.10.2013 22:01:09 - Document with ID 466851500 can't be found and therefore not be exported!
[SEVERE] 02.10.2013 22:01:09 - Document with ID 466850450 can't be found and therefore not be exported!
[SEVERE] 02.10.2013 22:01:09 - Document with ID 466848150 can't be found and therefore not be exported!
[SEVERE] 02.10.2013 22:01:09 - Document with ID 7466819940 can't be found and therefore not be exported!
[SEVERE] 02.10.2013 22:01:09 - Document with ID 7466820490 can't be found and therefore not be exported!
[SEVERE] 02.10.2013 22:01:10 - Document with ID 466851510 can't be found and therefore not be exported!
[SEVERE] 02.10.2013 22:01:10 - Document with ID 466848160 can't be found and therefore not be exported!
[SEVERE] 02.10.2013 22:01:10 - Document with ID 7466819930 can't be found and therefore not be exported!
[SEVERE] 02.10.2013 22:01:10 - Document with ID 7466819920 can't be found and therefore not be exported!
[SEVERE] 02.10.2013 22:01:11 - Document with ID 7462004360 can't be found and therefore not be exported!
[SEVERE] 02.10.2013 22:01:11 - Document with ID 7462004370 can't be found and therefore not be exported!
[SEVERE] 02.10.2013 22:01:11 - Document with ID 7462002230 can't be found and therefore not be exported!
[SEVERE] 02.10.2013 22:01:11 - Document with ID 7462004380 can't be found and therefore not be exported!
[SEVERE] 02.10.2013 22:01:12 - Document with ID 7466820450 can't be found and therefore not be exported!
[SEVERE] 02.10.2013 22:01:12 - Document with ID 7462002240 can't be found and therefore not be exported!
[SEVERE] 02.10.2013 22:01:12 - Document with ID 7462004390 can't be found and therefore not be exported!
[SEVERE] 02.10.2013 22:01:12 - Document with ID 7466820440 can't be found and therefore not be exported!
[SEVERE] 02.10.2013 22:01:12 - Document with ID 7462002250 can't be found and therefore not be exported!
[SEVERE] 02.10.2013 22:01:12 - Document with ID 7466820430 can't be found and therefore not be exported!
[SEVERE] 02.10.2013 22:01:12 - Document with ID 7462008920 can't be found and therefore not be exported!
[SEVERE] 02.10.2013 22:01:13 - Document with ID 7462005800 can't be found and therefore not be exported!
[SEVERE] 02.10.2013 22:01:14 - Document with ID 7462005820 can't be found and therefore not be exported!
[SEVERE] 02.10.2013 22:01:14 - Document with ID 7462005810 can't be found and therefore not be exported!
[SEVERE] 02.10.2013 22:01:15 - Document with ID 7462008910 can't be found and therefore not be exported!
[SEVERE] 02.10.2013 22:01:16 - Document with ID 7462006560 can't be found and therefore not be exported!
[SEVERE] 02.10.2013 22:01:16 - Document with ID 7466815320 can't be found and therefore not be exported!
[SEVERE] 02.10.2013 22:01:17 - Document with ID 7462005830 can't be found and therefore not be exported!
[SEVERE] 02.10.2013 22:01:17 - Document with ID 7462008900 can't be found and therefore not be exported!
[SEVERE] 02.10.2013 22:01:21 - Document with ID 466846800 can't be found and therefore not be exported!
[SEVERE] 02.10.2013 22:01:21 - Document with ID 7466814220 can't be found and therefore not be exported!
[SEVERE] 02.10.2013 22:01:21 - Document with ID 7466821930 can't be found and therefore not be exported!
[SEVERE] 02.10.2013 22:01:22 - Document with ID 8000055361 can't be found and therefore not be exported!
[SEVERE] 02.10.2013 22:01:22 - Document with ID 7466814230 can't be found and therefore not be exported!
[SEVERE] 02.10.2013 22:01:22 - Document with ID 8000055360 can't be found and therefore not be exported!
[SEVERE] 02.10.2013 22:01:23 - Document with ID 8000055366 can't be found and therefore not be exported!
[SEVERE] 02.10.2013 22:01:23 - Document with ID 466846860 can't be found and therefore not be exported!
[SEVERE] 02.10.2013 22:01:24 - Document with ID 462019570 can't be found and therefore not be exported!
[SEVERE] 02.10.2013 22:01:24 - Document with ID 8000053159 can't be found and therefore not be exported!
[SEVERE] 02.10.2013 22:01:27 - Document with ID 7466821690 can't be found and therefore not be exported!
[SEVERE] 02.10.2013 22:01:28 - Document with ID 7462004640 can't be found and therefore not be exported!
[SEVERE] 02.10.2013 22:01:28 - Document with ID 7466819870 can't be found and therefore not be exported!
[SEVERE] 02.10.2013 22:01:29 - Document with ID 7466816300 can't be found and therefore not be exported!
[SEVERE] 02.10.2013 22:01:30 - Document with ID 7462004680 can't be found and therefore not be exported!
[SEVERE] 02.10.2013 22:01:32 - Document with ID 7462002360 can't be found and therefore not be exported!
[SEVERE] 02.10.2013 22:01:32 - Document with ID 7466820560 can't be found and therefore not be exported!
[SEVERE] 02.10.2013 22:01:32 - Document with ID 8000056502 can't be found and therefore not be exported!
[SEVERE] 02.10.2013 22:01:33 - Document with ID 7462002340 can't be found and therefore not be exported!
[SEVERE] 02.10.2013 22:01:33 - Document with ID 7466817840 can't be found and therefore not be exported!
[SEVERE] 02.10.2013 22:01:33 - Document with ID 7466819800 can't be found and therefore not be exported!
[SEVERE] 02.10.2013 22:01:33 - Document with ID 466850150 can't be found and therefore not be exported!
[SEVERE] 02.10.2013 22:01:34 - Document with ID 7462002350 can't be found and therefore not be exported!
[SEVERE] 02.10.2013 22:01:34 - Document with ID 466850160 can't be found and therefore not be exported!
[SEVERE] 02.10.2013 22:01:34 - Document with ID 7466819820 can't be found and therefore not be exported!
[SEVERE] 02.10.2013 22:01:34 - Document with ID 7462005750 can't be found and therefore not be exported!
[SEVERE] 02.10.2013 22:01:34 - Document with ID 7466819810 can't be found and therefore not be exported!
[SEVERE] 02.10.2013 22:01:34 - Document with ID 7462005760 can't be found and therefore not be exported!
[SEVERE] 02.10.2013 22:01:35 - Document with ID 466850100 can't be found and therefore not be exported!
[SEVERE] 02.10.2013 22:01:35 - Document with ID 7466819840 can't be found and therefore not be exported!
[SEVERE] 02.10.2013 22:01:35 - Document with ID 466850110 can't be found and therefore not be exported!
[SEVERE] 02.10.2013 22:01:35 - Document with ID 7462002380 can't be found and therefore not be exported!
[SEVERE] 02.10.2013 22:01:35 - Document with ID 7462005740 can't be found and therefore not be exported!
[SEVERE] 02.10.2013 22:01:35 - Document with ID 7466819830 can't be found and therefore not be exported!
[SEVERE] 02.10.2013 22:01:35 - Document with ID 466850120 can't be found and therefore not be exported!
[SEVERE] 02.10.2013 22:01:35 - Document with ID 7462002390 can't be found and therefore not be exported!
[SEVERE] 02.10.2013 22:01:37 - Document with ID 466850090 can't be found and therefore not be exported!
[SEVERE] 02.10.2013 22:01:37 - Document with ID 7462000180 can't be found and therefore not be exported!
[SEVERE] 02.10.2013 22:01:37 - Document with ID 7466820500 can't be found and therefore not be exported!
[SEVERE] 02.10.2013 22:01:38 - Document with ID 7462000170 can't be found and therefore not be exported!
[SEVERE] 02.10.2013 22:01:38 - Document with ID 7466806930 can't be found and therefore not be exported!
[SEVERE] 02.10.2013 22:01:38 - Document with ID 7462000160 can't be found and therefore not be exported!
[SEVERE] 02.10.2013 22:01:38 - Document with ID 7466820510 can't be found and therefore not be exported!
[SEVERE] 02.10.2013 22:01:39 - Document with ID 7466820520 can't be found and therefore not be exported!
[SEVERE] 02.10.2013 22:01:40 - Document with ID 466850050 can't be found and therefore not be exported!
[SEVERE] 02.10.2013 22:01:40 - Document with ID 7466820530 can't be found and therefore not be exported!
[SEVERE] 02.10.2013 22:01:41 - Document with ID 7466820540 can't be found and therefore not be exported!
[SEVERE] 02.10.2013 22:01:42 - Document with ID 7466820550 can't be found and therefore not be exported!
[SEVERE] 02.10.2013 22:01:45 - Document with ID 7466814150 can't be found and therefore not be exported!
[SEVERE] 02.10.2013 22:01:45 - Document with ID 8000062922 can't be found and therefore not be exported!
[SEVERE] 02.10.2013 22:01:45 - Document with ID 8000062924 can't be found and therefore not be exported!
[SEVERE] 02.10.2013 22:01:45 - Document with ID 8000062923 can't be found and therefore not be exported!
[SEVERE] 02.10.2013 22:01:46 - Document with ID 8000062926 can't be found and therefore not be exported!
[SEVERE] 02.10.2013 22:01:46 - Document with ID 8000062925 can't be found and therefore not be exported!
[SEVERE] 02.10.2013 22:01:48 - Document with ID 466841850 can't be found and therefore not be exported!
[SEVERE] 02.10.2013 22:01:49 - Document with ID 7462008890 can't be found and therefore not be exported!
[SEVERE] 02.10.2013 22:01:51 - Document with ID 7466817790 can't be found and therefore not be exported!
[SEVERE] 02.10.2013 22:01:51 - Document with ID 7466819740 can't be found and therefore not be exported!
[SEVERE] 02.10.2013 22:01:52 - Document with ID 7462005690 can't be found and therefore not be exported!
[SEVERE] 02.10.2013 22:01:53 - Document with ID 7462004580 can't be found and therefore not be exported!
[SEVERE] 02.10.2013 22:01:53 - Document with ID 7466819770 can't be found and therefore not be exported!
[SEVERE] 02.10.2013 22:01:54 - Document with ID 7462004590 can't be found and therefore not be exported!
[SEVERE] 02.10.2013 22:01:54 - Document with ID 466850270 can't be found and therefore not be exported!
[SEVERE] 02.10.2013 22:01:54 - Document with ID 7462005660 can't be found and therefore not be exported!
[SEVERE] 02.10.2013 22:01:54 - Document with ID 466850280 can't be found and therefore not be exported!
[SEVERE] 02.10.2013 22:01:55 - Document with ID 7462005670 can't be found and therefore not be exported!
[SEVERE] 02.10.2013 22:01:55 - Document with ID 466850250 can't be found and therefore not be exported!
[SEVERE] 02.10.2013 22:01:55 - Document with ID 7462005680 can't be found and therefore not be exported!
[SEVERE] 02.10.2013 22:01:55 - Document with ID 713310160 can't be found and therefore not be exported!
[SEVERE] 02.10.2013 22:01:55 - Document with ID 466850260 can't be found and therefore not be exported!
[SEVERE] 02.10.2013 22:01:55 - Document with ID 466850230 can't be found and therefore not be exported!
[SEVERE] 02.10.2013 22:01:57 - Document with ID 466850240 can't be found and therefore not be exported!
[SEVERE] 02.10.2013 22:01:57 - Document with ID 7466806940 can't be found and therefore not be exported!
[SEVERE] 02.10.2013 22:01:57 - Document with ID 466850220 can't be found and therefore not be exported!
[SEVERE] 02.10.2013 22:01:59 - Document with ID 7466808000 can't be found and therefore not be exported!
[SEVERE] 02.10.2013 22:02:00 - Document with ID 466841990 can't be found and therefore not be exported!
[SEVERE] 02.10.2013 22:02:01 - Document with ID 7462002400 can't be found and therefore not be exported!
[SEVERE] 02.10.2013 22:02:01 - Document with ID 7462002430 can't be found and therefore not be exported!
[SEVERE] 02.10.2013 22:02:02 - Document with ID 7462002420 can't be found and therefore not be exported!
[SEVERE] 02.10.2013 22:02:03 - Document with ID 8000060629 can't be found and therefore not be exported!
[SEVERE] 02.10.2013 22:02:03 - Document with ID 8000060622 can't be found and therefore not be exported!
[SEVERE] 02.10.2013 22:02:03 - Document with ID 8000060625 can't be found and therefore not be exported!
[SEVERE] 02.10.2013 22:02:03 - Document with ID 466850170 can't be found and therefore not be exported!
[SEVERE] 02.10.2013 22:02:03 - Document with ID 7462002440 can't be found and therefore not be exported!
[SEVERE] 02.10.2013 22:02:03 - Document with ID 8000060632 can't be found and therefore not be exported!
[SEVERE] 02.10.2013 22:02:04 - Document with ID 7466808090 can't be found and therefore not be exported!
[SEVERE] 02.10.2013 22:02:04 - Document with ID 466849010 can't be found and therefore not be exported!
[SEVERE] 02.10.2013 22:02:04 - Document with ID 466849000 can't be found and therefore not be exported!
[SEVERE] 02.10.2013 22:02:04 - Document with ID 466849030 can't be found and therefore not be exported!
[SEVERE] 02.10.2013 22:02:05 - Document with ID 7462013400 can't be found and therefore not be exported!
[SEVERE] 02.10.2013 22:02:05 - Document with ID 466849020 can't be found and therefore not be exported!
[SEVERE] 02.10.2013 22:02:06 - Document with ID 7466821700 can't be found and therefore not be exported!
[SEVERE] 02.10.2013 22:02:07 - Document with ID 7462005520 can't be found and therefore not be exported!
[SEVERE] 02.10.2013 22:02:07 - Document with ID 7462005510 can't be found and therefore not be exported!
[SEVERE] 02.10.2013 22:02:08 - Document with ID 8000062202 can't be found and therefore not be exported!
[SEVERE] 02.10.2013 22:02:08 - Document with ID 7462005500 can't be found and therefore not be exported!
[SEVERE] 02.10.2013 22:02:09 - Document with ID 7466811180 can't be found and therefore not be exported!
[SEVERE] 02.10.2013 22:02:10 - Document with ID 7462005560 can't be found and therefore not be exported!
[SEVERE] 02.10.2013 22:02:10 - Document with ID 7466811170 can't be found and therefore not be exported!
[SEVERE] 02.10.2013 22:02:11 - Document with ID 7462005550 can't be found and therefore not be exported!
[SEVERE] 02.10.2013 22:02:11 - Document with ID 7462005540 can't be found and therefore not be exported!
[SEVERE] 02.10.2013 22:02:12 - Document with ID 7466811190 can't be found and therefore not be exported!
[SEVERE] 02.10.2013 22:02:13 - Document with ID 7466819650 can't be found and therefore not be exported!
[SEVERE] 02.10.2013 22:02:13 - Document with ID 466845020 can't be found and therefore not be exported!
[SEVERE] 02.10.2013 22:02:15 - Document with ID 7462005570 can't be found and therefore not be exported!
[SEVERE] 02.10.2013 22:02:17 - Document with ID 7466819680 can't be found and therefore not be exported!
[SEVERE] 02.10.2013 22:02:17 - Document with ID 466849090 can't be found and therefore not be exported!
[SEVERE] 02.10.2013 22:02:17 - Document with ID 8000036230 can't be found and therefore not be exported!
[SEVERE] 02.10.2013 22:02:18 - Document with ID 466849060 can't be found and therefore not be exported!
[SEVERE] 02.10.2013 22:02:19 - Document with ID 466849160 can't be found and therefore not be exported!
[SEVERE] 02.10.2013 22:02:20 - Document with ID 7466815070 can't be found and therefore not be exported!
[SEVERE] 02.10.2013 22:02:20 - Document with ID 466849170 can't be found and therefore not be exported!
[SEVERE] 02.10.2013 22:02:21 - Document with ID 466839890 can't be found and therefore not be exported!
[SEVERE] 02.10.2013 22:02:21 - Document with ID 466849140 can't be found and therefore not be exported!
[SEVERE] 02.10.2013 22:02:22 - Document with ID 7462001020 can't be found and therefore not be exported!
[SEVERE] 02.10.2013 22:02:22 - Document with ID 466849150 can't be found and therefore not be exported!
[SEVERE] 02.10.2013 22:02:22 - Document with ID 7466815040 can't be found and therefore not be exported!
[SEVERE] 02.10.2013 22:02:23 - Document with ID 466849130 can't be found and therefore not be exported!
[SEVERE] 02.10.2013 22:02:24 - Document with ID 7466807230 can't be found and therefore not be exported!
[SEVERE] 02.10.2013 22:02:25 - Document with ID 466849100 can't be found and therefore not be exported!
[SEVERE] 02.10.2013 22:02:25 - Document with ID 7466807240 can't be found and therefore not be exported!
[SEVERE] 02.10.2013 22:02:26 - Document with ID 7461703770 can't be found and therefore not be exported!
[SEVERE] 02.10.2013 22:02:28 - Document with ID 466846520 can't be found and therefore not be exported!
[SEVERE] 02.10.2013 22:02:34 - Document with ID 8000057108 can't be found and therefore not be exported!
[SEVERE] 02.10.2013 22:02:34 - Document with ID 7466805570 can't be found and therefore not be exported!
[SEVERE] 02.10.2013 22:02:35 - Document with ID 466846560 can't be found and therefore not be exported!
[SEVERE] 02.10.2013 22:02:38 - Document with ID 462019920 can't be found and therefore not be exported!
[SEVERE] 02.10.2013 22:02:38 - Document with ID 8000516927 can't be found and therefore not be exported!
[SEVERE] 02.10.2013 22:02:38 - Document with ID 462019930 can't be found and therefore not be exported!
[SEVERE] 02.10.2013 22:02:38 - Document with ID 466843480 can't be found and therefore not be exported!
[SEVERE] 02.10.2013 22:02:39 - Document with ID 466846480 can't be found and therefore not be exported!
[SEVERE] 02.10.2013 22:02:39 - Document with ID 7466813550 can't be found and therefore not be exported!
[SEVERE] 02.10.2013 22:02:39 - Document with ID 466846020 can't be found and therefore not be exported!
[SEVERE] 02.10.2013 22:02:39 - Document with ID 466850040 can't be found and therefore not be exported!
[SEVERE] 02.10.2013 22:02:40 - Document with ID 7466813540 can't be found and therefore not be exported!
[SEVERE] 02.10.2013 22:02:40 - Document with ID 7466817950 can't be found and therefore not be exported!
[SEVERE] 02.10.2013 22:02:40 - Document with ID 466850030 can't be found and therefore not be exported!
[SEVERE] 02.10.2013 22:02:40 - Document with ID 7466813530 can't be found and therefore not be exported!
[SEVERE] 02.10.2013 22:02:40 - Document with ID 466850020 can't be found and therefore not be exported!
[SEVERE] 02.10.2013 22:02:43 - Document with ID 466851120 can't be found and therefore not be exported!
[SEVERE] 02.10.2013 22:02:46 - Document with ID 7466819520 can't be found and therefore not be exported!
[SEVERE] 02.10.2013 22:02:47 - Document with ID 7462001120 can't be found and therefore not be exported!
[SEVERE] 02.10.2013 22:02:48 - Document with ID 466851080 can't be found and therefore not be exported!
[SEVERE] 02.10.2013 22:02:48 - Document with ID 466849260 can't be found and therefore not be exported!
[SEVERE] 02.10.2013 22:02:48 - Document with ID 466851090 can't be found and therefore not be exported!
[SEVERE] 02.10.2013 22:02:49 - Document with ID 7466805680 can't be found and therefore not be exported!
[SEVERE] 02.10.2013 22:02:50 - Document with ID 7462002600 can't be found and therefore not be exported!
[SEVERE] 02.10.2013 22:02:50 - Document with ID 7462002610 can't be found and therefore not be exported!
[SEVERE] 02.10.2013 22:02:50 - Document with ID 466851040 can't be found and therefore not be exported!
[SEVERE] 02.10.2013 22:02:50 - Document with ID 466847980 can't be found and therefore not be exported!
[SEVERE] 02.10.2013 22:02:50 - Document with ID 7466805630 can't be found and therefore not be exported!
[SEVERE] 02.10.2013 22:02:51 - Document with ID 466851050 can't be found and therefore not be exported!
[SEVERE] 02.10.2013 22:02:51 - Document with ID 466839720 can't be found and therefore not be exported!
[SEVERE] 02.10.2013 22:02:51 - Document with ID 466849230 can't be found and therefore not be exported!
[SEVERE] 02.10.2013 22:02:53 - Document with ID 466849240 can't be found and therefore not be exported!
[SEVERE] 02.10.2013 22:02:53 - Document with ID 466851030 can't be found and therefore not be exported!
[SEVERE] 02.10.2013 22:02:53 - Document with ID 8000057075 can't be found and therefore not be exported!
[SEVERE] 02.10.2013 22:02:54 - Document with ID 7466805620 can't be found and therefore not be exported!
[SEVERE] 02.10.2013 22:02:54 - Document with ID 8000057074 can't be found and therefore not be exported!
[SEVERE] 02.10.2013 22:02:54 - Document with ID 466849250 can't be found and therefore not be exported!
[SEVERE] 02.10.2013 22:02:54 - Document with ID 7462002660 can't be found and therefore not be exported!
[SEVERE] 02.10.2013 22:02:54 - Document with ID 466846410 can't be found and therefore not be exported!
[SEVERE] 02.10.2013 22:02:55 - Document with ID 8000069407 can't be found and therefore not be exported!
[SEVERE] 02.10.2013 22:02:55 - Document with ID 8000069406 can't be found and therefore not be exported!
[SEVERE] 02.10.2013 22:02:55 - Document with ID 466846420 can't be found and therefore not be exported!
[SEVERE] 02.10.2013 22:02:56 - Document with ID 7462002680 can't be found and therefore not be exported!
[SEVERE] 02.10.2013 22:02:56 - Document with ID 8000060879 can't be found and therefore not be exported!
[SEVERE] 02.10.2013 22:02:57 - Document with ID 7462002620 can't be found and therefore not be exported!
[SEVERE] 02.10.2013 22:02:58 - Document with ID 7462002630 can't be found and therefore not be exported!
[SEVERE] 02.10.2013 22:02:59 - Document with ID 7462002640 can't be found and therefore not be exported!
[SEVERE] 02.10.2013 22:03:01 - Document with ID 466846440 can't be found and therefore not be exported!
[SEVERE] 02.10.2013 22:03:01 - Document with ID 7462002650 can't be found and therefore not be exported!
[SEVERE] 02.10.2013 22:03:02 - Document with ID 7462005320 can't be found and therefore not be exported!
[SEVERE] 02.10.2013 22:03:02 - Document with ID 7466808550 can't be found and therefore not be exported!
[SEVERE] 02.10.2013 22:03:02 - Document with ID 466846360 can't be found and therefore not be exported!
[SEVERE] 02.10.2013 22:03:03 - Document with ID 8000052917 can't be found and therefore not be exported!
[SEVERE] 02.10.2013 22:03:03 - Document with ID 7462005310 can't be found and therefore not be exported!
[SEVERE] 02.10.2013 22:03:03 - Document with ID 7466808540 can't be found and therefore not be exported!
[SEVERE] 02.10.2013 22:03:03 - Document with ID 466846350 can't be found and therefore not be exported!
[SEVERE] 02.10.2013 22:03:04 - Document with ID 8000059998 can't be found and therefore not be exported!
[SEVERE] 02.10.2013 22:03:04 - Document with ID 7462005300 can't be found and therefore not be exported!
[SEVERE] 02.10.2013 22:03:09 - Document with ID 7466813210 can't be found and therefore not be exported!
[SEVERE] 02.10.2013 22:03:09 - Document with ID 462019820 can't be found and therefore not be exported!
[SEVERE] 02.10.2013 22:03:09 - Document with ID 7462011940 can't be found and therefore not be exported!
[SEVERE] 02.10.2013 22:03:09 - Document with ID 7462011920 can't be found and therefore not be exported!
[SEVERE] 02.10.2013 22:03:10 - Document with ID 7462011930 can't be found and therefore not be exported!
[SEVERE] 02.10.2013 22:03:10 - Document with ID 466851210 can't be found and therefore not be exported!
[SEVERE] 02.10.2013 22:03:11 - Document with ID 462019850 can't be found and therefore not be exported!
[SEVERE] 02.10.2013 22:03:11 - Document with ID 7462013150 can't be found and therefore not be exported!
[SEVERE] 02.10.2013 22:03:11 - Document with ID 466851200 can't be found and therefore not be exported!
[SEVERE] 02.10.2013 22:03:11 - Document with ID 7462011950 can't be found and therefore not be exported!
[SEVERE] 02.10.2013 22:03:11 - Document with ID 7466819400 can't be found and therefore not be exported!
[SEVERE] 02.10.2013 22:03:11 - Document with ID 462019860 can't be found and therefore not be exported!
[SEVERE] 02.10.2013 22:03:11 - Document with ID 462019870 can't be found and therefore not be exported!
[SEVERE] 02.10.2013 22:03:11 - Document with ID 7466819420 can't be found and therefore not be exported!
[SEVERE] 02.10.2013 22:03:12 - Document with ID 7462013130 can't be found and therefore not be exported!
[SEVERE] 02.10.2013 22:03:12 - Document with ID 466851220 can't be found and therefore not be exported!
[SEVERE] 02.10.2013 22:03:12 - Document with ID 7466804090 can't be found and therefore not be exported!
[SEVERE] 02.10.2013 22:03:12 - Document with ID 7466819430 can't be found and therefore not be exported!
[SEVERE] 02.10.2013 22:03:12 - Document with ID 7462011910 can't be found and therefore not be exported!
[SEVERE] 02.10.2013 22:03:12 - Document with ID 7466805840 can't be found and therefore not be exported!
[SEVERE] 02.10.2013 22:03:12 - Document with ID 7462005340 can't be found and therefore not be exported!
[SEVERE] 02.10.2013 22:03:13 - Document with ID 7466804080 can't be found and therefore not be exported!
[SEVERE] 02.10.2013 22:03:13 - Document with ID 7466819440 can't be found and therefore not be exported!
[SEVERE] 02.10.2013 22:03:13 - Document with ID 7462013110 can't be found and therefore not be exported!
[SEVERE] 02.10.2013 22:03:15 - Document with ID 466847850 can't be found and therefore not be exported!
[SEVERE] 02.10.2013 22:03:16 - Document with ID 466851150 can't be found and therefore not be exported!
[SEVERE] 02.10.2013 22:03:16 - Document with ID 7466804070 can't be found and therefore not be exported!
[SEVERE] 02.10.2013 22:03:16 - Document with ID 466847860 can't be found and therefore not be exported!
[SEVERE] 02.10.2013 22:03:18 - Document with ID 466851160 can't be found and therefore not be exported!
[SEVERE] 02.10.2013 22:03:18 - Document with ID 466849350 can't be found and therefore not be exported!
[SEVERE] 02.10.2013 22:03:20 - Document with ID 7462002720 can't be found and therefore not be exported!
[SEVERE] 02.10.2013 22:03:21 - Document with ID 8000055483 can't be found and therefore not be exported!
[SEVERE] 02.10.2013 22:03:22 - Document with ID 7462011860 can't be found and therefore not be exported!
[SEVERE] 02.10.2013 22:03:23 - Document with ID 8000055496 can't be found and therefore not be exported!
[SEVERE] 02.10.2013 22:03:23 - Document with ID 466847890 can't be found and therefore not be exported!
[SEVERE] 02.10.2013 22:03:23 - Document with ID 7462002730 can't be found and therefore not be exported!
[SEVERE] 02.10.2013 22:03:25 - Document with ID 7462005290 can't be found and therefore not be exported!
[SEVERE] 02.10.2013 22:03:27 - Document with ID 7462013900 can't be found and therefore not be exported!
[SEVERE] 02.10.2013 22:03:28 - Document with ID 7462002760 can't be found and therefore not be exported!
[SEVERE] 02.10.2013 22:03:29 - Document with ID 462015640 can't be found and therefore not be exported!
[SEVERE] 02.10.2013 22:03:29 - Document with ID 7466813120 can't be found and therefore not be exported!
[SEVERE] 02.10.2013 22:03:29 - Document with ID 7462002770 can't be found and therefore not be exported!
[SEVERE] 02.10.2013 22:03:31 - Document with ID 7462002740 can't be found and therefore not be exported!
[SEVERE] 02.10.2013 22:03:31 - Document with ID 7462002750 can't be found and therefore not be exported!
[SEVERE] 02.10.2013 22:03:32 - Document with ID 466847800 can't be found and therefore not be exported!
[SEVERE] 02.10.2013 22:03:32 - Document with ID 466849320 can't be found and therefore not be exported!
[SEVERE] 02.10.2013 22:03:33 - Document with ID 466847810 can't be found and therefore not be exported!
[SEVERE] 02.10.2013 22:03:33 - Document with ID 466846760 can't be found and therefore not be exported!
[SEVERE] 02.10.2013 22:03:33 - Document with ID 7466813170 can't be found and therefore not be exported!
[SEVERE] 02.10.2013 22:03:34 - Document with ID 466847820 can't be found and therefore not be exported!
[SEVERE] 02.10.2013 22:03:34 - Document with ID 7462002780 can't be found and therefore not be exported!
[SEVERE] 02.10.2013 22:03:35 - Document with ID 466849310 can't be found and therefore not be exported!
[SEVERE] 02.10.2013 22:03:35 - Document with ID 7462002790 can't be found and therefore not be exported!
[SEVERE] 02.10.2013 22:03:35 - Document with ID 7462004130 can't be found and therefore not be exported!
[SEVERE] 02.10.2013 22:03:39 - Document with ID 7466811060 can't be found and therefore not be exported!
[SEVERE] 02.10.2013 22:03:41 - Document with ID 7462004140 can't be found and therefore not be exported!
[SEVERE] 02.10.2013 22:03:46 - Document with ID 462019720 can't be found and therefore not be exported!
[SEVERE] 02.10.2013 22:03:46 - Document with ID 466851320 can't be found and therefore not be exported!
[SEVERE] 02.10.2013 22:03:46 - Document with ID 442108450 can't be found and therefore not be exported!
[SEVERE] 02.10.2013 22:03:47 - Document with ID 466851310 can't be found and therefore not be exported!
[SEVERE] 02.10.2013 22:03:48 - Document with ID 466851300 can't be found and therefore not be exported!
[SEVERE] 02.10.2013 22:03:48 - Document with ID 462019760 can't be found and therefore not be exported!
[SEVERE] 02.10.2013 22:03:49 - Document with ID 7466819320 can't be found and therefore not be exported!
[SEVERE] 02.10.2013 22:03:49 - Document with ID 462019770 can't be found and therefore not be exported!
[SEVERE] 02.10.2013 22:03:51 - Document with ID 466839900 can't be found and therefore not be exported!
[SEVERE] 02.10.2013 22:03:51 - Document with ID 7462004110 can't be found and therefore not be exported!
[SEVERE] 02.10.2013 22:03:51 - Document with ID 462019750 can't be found and therefore not be exported!
[SEVERE] 02.10.2013 22:03:51 - Document with ID 7462004100 can't be found and therefore not be exported!
[SEVERE] 02.10.2013 22:03:51 - Document with ID 7462013840 can't be found and therefore not be exported!
[SEVERE] 02.10.2013 22:03:52 - Document with ID 8000069297 can't be found and therefore not be exported!
[SEVERE] 02.10.2013 22:03:52 - Document with ID 8000069294 can't be found and therefore not be exported!
[SEVERE] 02.10.2013 22:03:53 - Document with ID 466847750 can't be found and therefore not be exported!
[SEVERE] 02.10.2013 22:03:53 - Document with ID 7462013830 can't be found and therefore not be exported!
[SEVERE] 02.10.2013 22:03:54 - Document with ID 466851290 can't be found and therefore not be exported!
[SEVERE] 02.10.2013 22:03:54 - Document with ID 7462013860 can't be found and therefore not be exported!
[SEVERE] 02.10.2013 22:03:54 - Document with ID 7462002800 can't be found and therefore not be exported!
[SEVERE] 02.10.2013 22:03:54 - Document with ID 466849480 can't be found and therefore not be exported!
[SEVERE] 02.10.2013 22:03:55 - Document with ID 466847730 can't be found and therefore not be exported!
[SEVERE] 02.10.2013 22:03:56 - Document with ID 7462002810 can't be found and therefore not be exported!
[SEVERE] 02.10.2013 22:03:56 - Document with ID 466849490 can't be found and therefore not be exported!
[SEVERE] 02.10.2013 22:03:57 - Document with ID 466846600 can't be found and therefore not be exported!
[SEVERE] 02.10.2013 22:03:57 - Document with ID 7462013800 can't be found and therefore not be exported!
[SEVERE] 02.10.2013 22:03:57 - Document with ID 7462002820 can't be found and therefore not be exported!
[SEVERE] 02.10.2013 22:03:58 - Document with ID 7462002830 can't be found and therefore not be exported!
[SEVERE] 02.10.2013 22:03:59 - Document with ID 7466819390 can't be found and therefore not be exported!
[SEVERE] 02.10.2013 22:04:00 - Document with ID 466847760 can't be found and therefore not be exported!
[SEVERE] 02.10.2013 22:04:00 - Document with ID 7462002840 can't be found and therefore not be exported!
[SEVERE] 02.10.2013 22:04:00 - Document with ID 7462013820 can't be found and therefore not be exported!
[SEVERE] 02.10.2013 22:04:00 - Document with ID 7466819380 can't be found and therefore not be exported!
[SEVERE] 02.10.2013 22:04:01 - Document with ID 7462013810 can't be found and therefore not be exported!
[SEVERE] 02.10.2013 22:04:01 - Document with ID 8000037093 can't be found and therefore not be exported!
[SEVERE] 02.10.2013 22:04:01 - Document with ID 7462004080 can't be found and therefore not be exported!
[SEVERE] 02.10.2013 22:04:02 - Document with ID 7462004090 can't be found and therefore not be exported!
[SEVERE] 02.10.2013 22:04:04 - Document with ID 7466804100 can't be found and therefore not be exported!
[SEVERE] 02.10.2013 22:04:05 - Document with ID 466846680 can't be found and therefore not be exported!
[SEVERE] 02.10.2013 22:04:05 - Document with ID 7461703470 can't be found and therefore not be exported!
[SEVERE] 02.10.2013 22:04:05 - Document with ID 7466804110 can't be found and therefore not be exported!
[SEVERE] 02.10.2013 22:04:05 - Document with ID 466847700 can't be found and therefore not be exported!
[SEVERE] 02.10.2013 22:04:06 - Document with ID 7462013880 can't be found and therefore not be exported!
[SEVERE] 02.10.2013 22:04:07 - Document with ID 7466811150 can't be found and therefore not be exported!
[SEVERE] 02.10.2013 22:04:07 - Document with ID 466849420 can't be found and therefore not be exported!
[SEVERE] 02.10.2013 22:04:08 - Document with ID 7466811160 can't be found and therefore not be exported!
[SEVERE] 02.10.2013 22:04:09 - Document with ID 466849430 can't be found and therefore not be exported!
[SEVERE] 02.10.2013 22:04:09 - Document with ID 8000052786 can't be found and therefore not be exported!
[SEVERE] 02.10.2013 22:04:10 - Document with ID 7466813270 can't be found and therefore not be exported!
[SEVERE] 02.10.2013 22:04:11 - Document with ID 8000038129 can't be found and therefore not be exported!
[SEVERE] 02.10.2013 22:04:11 - Document with ID 8000038127 can't be found and therefore not be exported!
[SEVERE] 02.10.2013 22:04:12 - Document with ID 7466813280 can't be found and therefore not be exported!
[SEVERE] 02.10.2013 22:04:12 - Document with ID 7466811140 can't be found and therefore not be exported!
[SEVERE] 02.10.2013 22:04:13 - Document with ID 466849550 can't be found and therefore not be exported!
[SEVERE] 02.10.2013 22:04:13 - Document with ID 7466822570 can't be found and therefore not be exported!
[SEVERE] 02.10.2013 22:04:13 - Document with ID 466849540 can't be found and therefore not be exported!
[SEVERE] 02.10.2013 22:04:14 - Document with ID 7466822540 can't be found and therefore not be exported!
[SEVERE] 02.10.2013 22:04:14 - Document with ID 466847310 can't be found and therefore not be exported!
[SEVERE] 02.10.2013 22:04:14 - Document with ID 466847300 can't be found and therefore not be exported!
[SEVERE] 02.10.2013 22:04:15 - Document with ID 7466822550 can't be found and therefore not be exported!
[SEVERE] 02.10.2013 22:04:15 - Document with ID 466849560 can't be found and therefore not be exported!
[SEVERE] 02.10.2013 22:04:17 - Document with ID 466849500 can't be found and therefore not be exported!
[SEVERE] 02.10.2013 22:04:18 - Document with ID 466849530 can't be found and therefore not be exported!
[SEVERE] 02.10.2013 22:04:19 - Document with ID 466848800 can't be found and therefore not be exported!
[SEVERE] 02.10.2013 22:04:21 - Document with ID 466845120 can't be found and therefore not be exported!
[SEVERE] 02.10.2013 22:04:21 - Document with ID 466848820 can't be found and therefore not be exported!
[SEVERE] 02.10.2013 22:04:21 - Document with ID 7462007220 can't be found and therefore not be exported!
[SEVERE] 02.10.2013 22:04:22 - Document with ID 466848810 can't be found and therefore not be exported!
[SEVERE] 02.10.2013 22:04:22 - Document with ID 7466818010 can't be found and therefore not be exported!
[SEVERE] 02.10.2013 22:04:23 - Document with ID 7466818060 can't be found and therefore not be exported!
[SEVERE] 02.10.2013 22:04:23 - Document with ID 7461701990 can't be found and therefore not be exported!
[SEVERE] 02.10.2013 22:04:23 - Document with ID 466849590 can't be found and therefore not be exported!
[SEVERE] 02.10.2013 22:04:23 - Document with ID 466849580 can't be found and therefore not be exported!
[SEVERE] 02.10.2013 22:04:24 - Document with ID 7466818050 can't be found and therefore not be exported!
[SEVERE] 02.10.2013 22:04:24 - Document with ID 466848870 can't be found and therefore not be exported!
[SEVERE] 02.10.2013 22:04:29 - Document with ID 7462008100 can't be found and therefore not be exported!
[SEVERE] 02.10.2013 22:04:30 - Document with ID 7462008110 can't be found and therefore not be exported!
[SEVERE] 02.10.2013 22:04:31 - Document with ID 7466821040 can't be found and therefore not be exported!
[SEVERE] 02.10.2013 22:04:31 - Document with ID 466847360 can't be found and therefore not be exported!
[SEVERE] 02.10.2013 22:04:31 - Document with ID 462015950 can't be found and therefore not be exported!
[SEVERE] 02.10.2013 22:04:32 - Document with ID 7466821030 can't be found and therefore not be exported!
[SEVERE] 02.10.2013 22:04:32 - Document with ID 462015940 can't be found and therefore not be exported!
[SEVERE] 02.10.2013 22:04:33 - Document with ID 7466821020 can't be found and therefore not be exported!
[SEVERE] 02.10.2013 22:04:35 - Document with ID 466845170 can't be found and therefore not be exported!
[SEVERE] 02.10.2013 22:04:35 - Document with ID 466847390 can't be found and therefore not be exported!
[SEVERE] 02.10.2013 22:04:36 - Document with ID 7466821080 can't be found and therefore not be exported!
[SEVERE] 02.10.2013 22:04:36 - Document with ID 7466821070 can't be found and therefore not be exported!
[SEVERE] 02.10.2013 22:04:37 - Document with ID 462015930 can't be found and therefore not be exported!
[SEVERE] 02.10.2013 22:04:37 - Document with ID 7466821060 can't be found and therefore not be exported!
[SEVERE] 02.10.2013 22:04:38 - Document with ID 462015920 can't be found and therefore not be exported!
[SEVERE] 02.10.2013 22:04:38 - Document with ID 7466821050 can't be found and therefore not be exported!
[SEVERE] 02.10.2013 22:04:38 - Document with ID 466849690 can't be found and therefore not be exported!
[SEVERE] 02.10.2013 22:04:39 - Document with ID 7466821090 can't be found and therefore not be exported!
[SEVERE] 02.10.2013 22:04:40 - Document with ID 466847420 can't be found and therefore not be exported!
[SEVERE] 02.10.2013 22:04:42 - Document with ID 388851285 can't be found and therefore not be exported!
[SEVERE] 02.10.2013 22:04:44 - Document with ID 466849640 can't be found and therefore not be exported!
[SEVERE] 02.10.2013 22:04:44 - Document with ID 7466822630 can't be found and therefore not be exported!
[SEVERE] 02.10.2013 22:04:44 - Document with ID 7466819180 can't be found and therefore not be exported!
[SEVERE] 02.10.2013 22:04:50 - Document with ID 7466813080 can't be found and therefore not be exported!
[SEVERE] 02.10.2013 22:04:51 - Document with ID 466848980 can't be found and therefore not be exported!
[SEVERE] 02.10.2013 22:04:51 - Document with ID 7462005130 can't be found and therefore not be exported!
[SEVERE] 02.10.2013 22:04:52 - Document with ID 7462005140 can't be found and therefore not be exported!
[SEVERE] 02.10.2013 22:04:52 - Document with ID 7462005150 can't be found and therefore not be exported!
[SEVERE] 02.10.2013 22:04:52 - Document with ID 7462005160 can't be found and therefore not be exported!
[SEVERE] 02.10.2013 22:04:52 - Document with ID 7466821100 can't be found and therefore not be exported!
[SEVERE] 02.10.2013 22:04:53 - Document with ID 7462011800 can't be found and therefore not be exported!
[SEVERE] 02.10.2013 22:04:53 - Document with ID 7462011820 can't be found and therefore not be exported!
[SEVERE] 02.10.2013 22:04:53 - Document with ID 7462007240 can't be found and therefore not be exported!
[SEVERE] 02.10.2013 22:04:54 - Document with ID 7462011810 can't be found and therefore not be exported!
[SEVERE] 02.10.2013 22:04:54 - Document with ID 7462011830 can't be found and therefore not be exported!
[SEVERE] 02.10.2013 22:04:55 - Document with ID 7462011840 can't be found and therefore not be exported!
[SEVERE] 02.10.2013 22:04:55 - Document with ID 7462005120 can't be found and therefore not be exported!
[SEVERE] 02.10.2013 22:04:55 - Document with ID 7173310451 can't be found and therefore not be exported!
[SEVERE] 02.10.2013 22:04:57 - Document with ID 466845260 can't be found and therefore not be exported!
[SEVERE] 02.10.2013 22:04:58 - Document with ID 7466817020 can't be found and therefore not be exported!
[SEVERE] 02.10.2013 22:05:00 - Document with ID 7466808600 can't be found and therefore not be exported!
[SEVERE] 02.10.2013 22:05:01 - Document with ID 7462008090 can't be found and therefore not be exported!
[SEVERE] 02.10.2013 22:05:01 - Document with ID 466847490 can't be found and therefore not be exported!
[SEVERE] 02.10.2013 22:05:02 - Document with ID 466847460 can't be found and therefore not be exported!
[SEVERE] 02.10.2013 22:05:06 - Document with ID 466849750 can't be found and therefore not be exported!
[SEVERE] 02.10.2013 22:05:06 - Document with ID 466845340 can't be found and therefore not be exported!
[SEVERE] 02.10.2013 22:05:07 - Document with ID 466849740 can't be found and therefore not be exported!
[SEVERE] 02.10.2013 22:05:07 - Document with ID 466847510 can't be found and therefore not be exported!
[SEVERE] 02.10.2013 22:05:07 - Document with ID 7466819060 can't be found and therefore not be exported!
[SEVERE] 02.10.2013 22:05:08 - Document with ID 466847500 can't be found and therefore not be exported!
[SEVERE] 02.10.2013 22:05:08 - Document with ID 466849760 can't be found and therefore not be exported!
[SEVERE] 02.10.2013 22:05:08 - Document with ID 466845310 can't be found and therefore not be exported!
[SEVERE] 02.10.2013 22:05:08 - Document with ID 466849790 can't be found and therefore not be exported!
[SEVERE] 02.10.2013 22:05:09 - Document with ID 466849780 can't be found and therefore not be exported!
[SEVERE] 02.10.2013 22:05:10 - Document with ID 466845330 can't be found and therefore not be exported!
[SEVERE] 02.10.2013 22:05:14 - Document with ID 7466803290 can't be found and therefore not be exported!
[SEVERE] 02.10.2013 22:05:14 - Document with ID 466850940 can't be found and therefore not be exported!
[SEVERE] 02.10.2013 22:05:15 - Document with ID 466848640 can't be found and therefore not be exported!
[SEVERE] 02.10.2013 22:05:15 - Document with ID 7466803280 can't be found and therefore not be exported!
[SEVERE] 02.10.2013 22:05:16 - Document with ID 466848630 can't be found and therefore not be exported!
[SEVERE] 02.10.2013 22:05:16 - Document with ID 7466803270 can't be found and therefore not be exported!
[SEVERE] 02.10.2013 22:05:16 - Document with ID 7466811500 can't be found and therefore not be exported!
[SEVERE] 02.10.2013 22:05:16 - Document with ID 7466818260 can't be found and therefore not be exported!
[SEVERE] 02.10.2013 22:05:17 - Document with ID 7466819030 can't be found and therefore not be exported!
[SEVERE] 02.10.2013 22:05:17 - Document with ID 466850910 can't be found and therefore not be exported!
[SEVERE] 02.10.2013 22:05:17 - Document with ID 7466818270 can't be found and therefore not be exported!
[SEVERE] 02.10.2013 22:05:17 - Document with ID 466850900 can't be found and therefore not be exported!
[SEVERE] 02.10.2013 22:05:18 - Document with ID 466848690 can't be found and therefore not be exported!
[SEVERE] 02.10.2013 22:05:19 - Document with ID 7169211163 can't be found and therefore not be exported!
[SEVERE] 02.10.2013 22:05:20 - Document with ID 7466801090 can't be found and therefore not be exported!
[SEVERE] 02.10.2013 22:05:21 - Document with ID 7466808950 can't be found and therefore not be exported!
[SEVERE] 02.10.2013 22:05:24 - Document with ID 466847570 can't be found and therefore not be exported!
[SEVERE] 02.10.2013 22:05:24 - Document with ID 8000063128 can't be found and therefore not be exported!
[SEVERE] 02.10.2013 22:05:24 - Document with ID 7466801010 can't be found and therefore not be exported!
[SEVERE] 02.10.2013 22:05:25 - Document with ID 466847590 can't be found and therefore not be exported!
[SEVERE] 02.10.2013 22:05:26 - Document with ID 466849700 can't be found and therefore not be exported!
[SEVERE] 02.10.2013 22:05:27 - Document with ID 7466801070 can't be found and therefore not be exported!
[SEVERE] 02.10.2013 22:05:27 - Document with ID 7466803300 can't be found and therefore not be exported!
[SEVERE] 02.10.2013 22:05:27 - Document with ID 7466801080 can't be found and therefore not be exported!
[SEVERE] 02.10.2013 22:05:27 - Document with ID 466845390 can't be found and therefore not be exported!
[SEVERE] 02.10.2013 22:05:29 - Document with ID 466849730 can't be found and therefore not be exported!
[SEVERE] 02.10.2013 22:05:29 - Document with ID 7466801060 can't be found and therefore not be exported!
[SEVERE] 02.10.2013 22:05:29 - Document with ID 8000054614 can't be found and therefore not be exported!
[SEVERE] 02.10.2013 22:05:29 - Document with ID 8000054615 can't be found and therefore not be exported!
[SEVERE] 02.10.2013 22:05:29 - Document with ID 8000054613 can't be found and therefore not be exported!
[SEVERE] 02.10.2013 22:05:29 - Document with ID 8000054616 can't be found and therefore not be exported!
[SEVERE] 02.10.2013 22:05:30 - Document with ID 8000069663 can't be found and therefore not be exported!
[SEVERE] 02.10.2013 22:05:30 - Document with ID 8000069664 can't be found and therefore not be exported!
[SEVERE] 02.10.2013 22:05:32 - Document with ID 466847610 can't be found and therefore not be exported!
[SEVERE] 02.10.2013 22:05:33 - Document with ID 7462002930 can't be found and therefore not be exported!
[SEVERE] 02.10.2013 22:05:33 - Document with ID 466845460 can't be found and therefore not be exported!
[SEVERE] 02.10.2013 22:05:33 - Document with ID 7466811490 can't be found and therefore not be exported!
[SEVERE] 02.10.2013 22:05:34 - Document with ID 466847670 can't be found and therefore not be exported!
[SEVERE] 02.10.2013 22:05:35 - Document with ID 8000065236 can't be found and therefore not be exported!
[SEVERE] 02.10.2013 22:05:35 - Document with ID 8000065237 can't be found and therefore not be exported!
[SEVERE] 02.10.2013 22:05:35 - Document with ID 8000065235 can't be found and therefore not be exported!
[SEVERE] 02.10.2013 22:05:35 - Document with ID 466847660 can't be found and therefore not be exported!
[SEVERE] 02.10.2013 22:05:37 - Document with ID 8000065238 can't be found and therefore not be exported!
[SEVERE] 02.10.2013 22:05:37 - Document with ID 7462002970 can't be found and therefore not be exported!
[SEVERE] 02.10.2013 22:05:39 - Document with ID 7462002960 can't be found and therefore not be exported!
[SEVERE] 02.10.2013 22:05:40 - Document with ID 7461701610 can't be found and therefore not be exported!
[SEVERE] 02.10.2013 22:05:41 - Document with ID 466848740 can't be found and therefore not be exported!
[SEVERE] 02.10.2013 22:05:41 - Document with ID 7466816160 can't be found and therefore not be exported!
[SEVERE] 02.10.2013 22:05:41 - Document with ID 466848730 can't be found and therefore not be exported!
[SEVERE] 02.10.2013 22:05:42 - Document with ID 466848720 can't be found and therefore not be exported!
[SEVERE] 02.10.2013 22:05:42 - Document with ID 466848710 can't be found and therefore not be exported!
[SEVERE] 02.10.2013 22:05:42 - Document with ID 7462001800 can't be found and therefore not be exported!
[SEVERE] 02.10.2013 22:05:43 - Document with ID 466848700 can't be found and therefore not be exported!
[SEVERE] 02.10.2013 22:05:44 - Document with ID 8000053949 can't be found and therefore not be exported!
[SEVERE] 02.10.2013 22:05:45 - Document with ID 8000053950 can't be found and therefore not be exported!
[SEVERE] 02.10.2013 22:05:45 - Document with ID 7466816190 can't be found and therefore not be exported!
[SEVERE] 02.10.2013 22:05:46 - Document with ID 466848790 can't be found and therefore not be exported!
[SEVERE] 02.10.2013 22:05:46 - Document with ID 7466816180 can't be found and therefore not be exported!
[SEVERE] 02.10.2013 22:05:47 - Document with ID 7461701660 can't be found and therefore not be exported!
[SEVERE] 02.10.2013 22:05:47 - Document with ID 7466814970 can't be found and therefore not be exported!
[SEVERE] 02.10.2013 22:05:48 - Document with ID 7461701670 can't be found and therefore not be exported!
[SEVERE] 02.10.2013 22:05:49 - Document with ID 7466822810 can't be found and therefore not be exported!
[SEVERE] 02.10.2013 22:05:49 - Document with ID 466847680 can't be found and therefore not be exported!
[SEVERE] 02.10.2013 22:05:50 - Document with ID 8000065287 can't be found and therefore not be exported!
[SEVERE] 02.10.2013 22:05:51 - Document with ID 466849850 can't be found and therefore not be exported!
[SEVERE] 02.10.2013 22:05:52 - Document with ID 466849820 can't be found and therefore not be exported!
[SEVERE] 02.10.2013 22:05:52 - Document with ID 8000054506 can't be found and therefore not be exported!
[SEVERE] 02.10.2013 22:05:55 - Document with ID 7466823610 can't be found and therefore not be exported!
[SEVERE] 02.10.2013 22:05:57 - Document with ID 7462004800 can't be found and therefore not be exported!
[SEVERE] 02.10.2013 22:05:58 - Document with ID 466845510 can't be found and therefore not be exported!
[SEVERE] 02.10.2013 22:05:58 - Document with ID 466850720 can't be found and therefore not be exported!
[SEVERE] 02.10.2013 22:05:59 - Document with ID 7466823640 can't be found and therefore not be exported!
[SEVERE] 02.10.2013 22:05:59 - Document with ID 7462004830 can't be found and therefore not be exported!
[SEVERE] 02.10.2013 22:06:00 - Document with ID 7466823630 can't be found and therefore not be exported!
[SEVERE] 02.10.2013 22:06:01 - Document with ID 7411000400 can't be found and therefore not be exported!
[SEVERE] 02.10.2013 22:06:02 - Document with ID 466845560 can't be found and therefore not be exported!
[SEVERE] 02.10.2013 22:06:03 - Document with ID 7466823670 can't be found and therefore not be exported!
[SEVERE] 02.10.2013 22:06:03 - Document with ID 466845570 can't be found and therefore not be exported!
[SEVERE] 02.10.2013 22:06:03 - Document with ID 466849980 can't be found and therefore not be exported!
[SEVERE] 02.10.2013 22:06:04 - Document with ID 466849990 can't be found and therefore not be exported!
[SEVERE] 02.10.2013 22:06:04 - Document with ID 7466815890 can't be found and therefore not be exported!
[SEVERE] 02.10.2013 22:06:04 - Document with ID 7466810650 can't be found and therefore not be exported!
[SEVERE] 02.10.2013 22:06:06 - Document with ID 466841230 can't be found and therefore not be exported!
[SEVERE] 02.10.2013 22:06:06 - Document with ID 466849950 can't be found and therefore not be exported!
[SEVERE] 02.10.2013 22:06:07 - Document with ID 466849940 can't be found and therefore not be exported!
[SEVERE] 02.10.2013 22:06:07 - Document with ID 466848490 can't be found and therefore not be exported!
[SEVERE] 02.10.2013 22:06:07 - Document with ID 7466817350 can't be found and therefore not be exported!
[SEVERE] 02.10.2013 22:06:07 - Document with ID 466849970 can't be found and therefore not be exported!
[SEVERE] 02.10.2013 22:06:08 - Document with ID 466849910 can't be found and therefore not be exported!
[SEVERE] 02.10.2013 22:06:08 - Document with ID 8000057989 can't be found and therefore not be exported!
[SEVERE] 02.10.2013 22:06:08 - Document with ID 8000057993 can't be found and therefore not be exported!
[SEVERE] 02.10.2013 22:06:08 - Document with ID 8000057995 can't be found and therefore not be exported!
[SEVERE] 02.10.2013 22:06:08 - Document with ID 466849930 can't be found and therefore not be exported!
[SEVERE] 02.10.2013 22:06:09 - Document with ID 8000057991 can't be found and therefore not be exported!
[SEVERE] 02.10.2013 22:06:09 - Document with ID 8000057982 can't be found and therefore not be exported!
[SEVERE] 02.10.2013 22:06:09 - Document with ID 8000057987 can't be found and therefore not be exported!
[SEVERE] 02.10.2013 22:06:09 - Document with ID 466849920 can't be found and therefore not be exported!
[SEVERE] 02.10.2013 22:06:09 - Document with ID 7466821430 can't be found and therefore not be exported!
[SEVERE] 02.10.2013 22:06:10 - Document with ID 7466815900 can't be found and therefore not be exported!
[SEVERE] 02.10.2013 22:06:10 - Document with ID 7466821440 can't be found and therefore not be exported!
[SEVERE] 02.10.2013 22:06:10 - Document with ID 466848440 can't be found and therefore not be exported!
[SEVERE] 02.10.2013 22:06:11 - Document with ID 466850730 can't be found and therefore not be exported!
[SEVERE] 02.10.2013 22:06:11 - Document with ID 7466814870 can't be found and therefore not be exported!
[SEVERE] 02.10.2013 22:06:13 - Document with ID 7466822090 can't be found and therefore not be exported!
[SEVERE] 02.10.2013 22:06:13 - Document with ID 466850790 can't be found and therefore not be exported!
[SEVERE] 02.10.2013 22:06:13 - Document with ID 466848480 can't be found and therefore not be exported!
[SEVERE] 02.10.2013 22:06:13 - Document with ID 466850780 can't be found and therefore not be exported!
[SEVERE] 02.10.2013 22:06:13 - Document with ID 7466821450 can't be found and therefore not be exported!
[SEVERE] 02.10.2013 22:06:14 - Document with ID 466848470 can't be found and therefore not be exported!
[SEVERE] 02.10.2013 22:06:15 - Document with ID 462019110 can't be found and therefore not be exported!
[SEVERE] 02.10.2013 22:06:16 - Document with ID 7462004740 can't be found and therefore not be exported!
[SEVERE] 02.10.2013 22:06:16 - Document with ID 8000052168 can't be found and therefore not be exported!
[SEVERE] 02.10.2013 22:06:16 - Document with ID 8000052169 can't be found and therefore not be exported!
[SEVERE] 02.10.2013 22:06:17 - Document with ID 462019130 can't be found and therefore not be exported!
[SEVERE] 02.10.2013 22:06:18 - Document with ID 462019120 can't be found and therefore not be exported!
[SEVERE] 02.10.2013 22:06:18 - Document with ID 7462004730 can't be found and therefore not be exported!
[SEVERE] 02.10.2013 22:06:18 - Document with ID 466850800 can't be found and therefore not be exported!
[SEVERE] 02.10.2013 22:06:19 - Document with ID 466845650 can't be found and therefore not be exported!
[SEVERE] 02.10.2013 22:06:19 - Document with ID 7466822220 can't be found and therefore not be exported!
[SEVERE] 02.10.2013 22:06:20 - Document with ID 466848520 can't be found and therefore not be exported!
[SEVERE] 02.10.2013 22:06:20 - Document with ID 466845620 can't be found and therefore not be exported!
[SEVERE] 02.10.2013 22:06:21 - Document with ID 466848500 can't be found and therefore not be exported!
[SEVERE] 02.10.2013 22:06:22 - Document with ID 7462007710 can't be found and therefore not be exported!
[SEVERE] 02.10.2013 22:06:22 - Document with ID 7466810580 can't be found and therefore not be exported!
[SEVERE] 02.10.2013 22:06:22 - Document with ID 7466810590 can't be found and therefore not be exported!
[SEVERE] 02.10.2013 22:06:24 - Document with ID 466841200 can't be found and therefore not be exported!
[SEVERE] 02.10.2013 22:06:24 - Document with ID 7466803310 can't be found and therefore not be exported!
[SEVERE] 02.10.2013 22:06:25 - Document with ID 7466803320 can't be found and therefore not be exported!
[SEVERE] 02.10.2013 22:06:26 - Document with ID 7466807980 can't be found and therefore not be exported!
[SEVERE] 02.10.2013 22:06:27 - Document with ID 7466815870 can't be found and therefore not be exported!
[SEVERE] 02.10.2013 22:06:27 - Document with ID 7466810510 can't be found and therefore not be exported!
[SEVERE] 02.10.2013 22:06:27 - Document with ID 7466812760 can't be found and therefore not be exported!
[SEVERE] 02.10.2013 22:06:27 - Document with ID 7466815880 can't be found and therefore not be exported!
[SEVERE] 02.10.2013 22:06:28 - Document with ID 7466807970 can't be found and therefore not be exported!
[SEVERE] 02.10.2013 22:06:28 - Document with ID 7466817490 can't be found and therefore not be exported!
[SEVERE] 02.10.2013 22:06:28 - Document with ID 7466815850 can't be found and therefore not be exported!
[SEVERE] 02.10.2013 22:06:28 - Document with ID 7466807960 can't be found and therefore not be exported!
[SEVERE] 02.10.2013 22:06:28 - Document with ID 7466815860 can't be found and therefore not be exported!
[SEVERE] 02.10.2013 22:06:28 - Document with ID 7466807950 can't be found and therefore not be exported!
[SEVERE] 02.10.2013 22:06:29 - Document with ID 7466814700 can't be found and therefore not be exported!
[SEVERE] 02.10.2013 22:06:29 - Document with ID 7466807940 can't be found and therefore not be exported!
[SEVERE] 02.10.2013 22:06:29 - Document with ID 7466815830 can't be found and therefore not be exported!
[SEVERE] 02.10.2013 22:06:30 - Document with ID 7466815810 can't be found and therefore not be exported!
[SEVERE] 02.10.2013 22:06:31 - Document with ID 7466807910 can't be found and therefore not be exported!
[SEVERE] 02.10.2013 22:06:32 - Document with ID 7461701410 can't be found and therefore not be exported!
[SEVERE] 02.10.2013 22:06:35 - Document with ID 443163030 can't be found and therefore not be exported!
[SEVERE] 02.10.2013 22:06:35 - Document with ID 8000072346 can't be found and therefore not be exported!
[SEVERE] 02.10.2013 22:06:35 - Document with ID 466847060 can't be found and therefore not be exported!
[SEVERE] 02.10.2013 22:06:35 - Document with ID 466850890 can't be found and therefore not be exported!
[SEVERE] 02.10.2013 22:06:35 - Document with ID 466848590 can't be found and therefore not be exported!
[SEVERE] 02.10.2013 22:06:36 - Document with ID 7462004770 can't be found and therefore not be exported!
[SEVERE] 02.10.2013 22:06:36 - Document with ID 466848580 can't be found and therefore not be exported!
[SEVERE] 02.10.2013 22:06:36 - Document with ID 466847040 can't be found and therefore not be exported!
[SEVERE] 02.10.2013 22:06:37 - Document with ID 7466807990 can't be found and therefore not be exported!
[SEVERE] 02.10.2013 22:06:38 - Document with ID 443154650 can't be found and therefore not be exported!
[SEVERE] 02.10.2013 22:06:38 - Document with ID 8000065703 can't be found and therefore not be exported!
[SEVERE] 02.10.2013 22:06:39 - Document with ID 466845760 can't be found and therefore not be exported!
[SEVERE] 02.10.2013 22:06:39 - Document with ID 8000052001 can't be found and therefore not be exported!
[SEVERE] 02.10.2013 22:06:40 - Document with ID 466845700 can't be found and therefore not be exported!
[SEVERE] 02.10.2013 22:06:40 - Document with ID 8000056191 can't be found and therefore not be exported!
[SEVERE] 02.10.2013 22:06:40 - Document with ID 466844250 can't be found and therefore not be exported!
[SEVERE] 02.10.2013 22:06:41 - Document with ID 8000065758 can't be found and therefore not be exported!
[SEVERE] 02.10.2013 22:06:41 - Document with ID 8000065756 can't be found and therefore not be exported!
[SEVERE] 02.10.2013 22:06:41 - Document with ID 466844260 can't be found and therefore not be exported!
[SEVERE] 02.10.2013 22:06:42 - Document with ID 8000065754 can't be found and therefore not be exported!
[SEVERE] 02.10.2013 22:06:43 - Document with ID 7466814580 can't be found and therefore not be exported!
[SEVERE] 02.10.2013 22:06:43 - Document with ID 7466809350 can't be found and therefore not be exported!
[SEVERE] 02.10.2013 22:06:47 - Document with ID 462019080 can't be found and therefore not be exported!
[SEVERE] 02.10.2013 22:06:48 - Document with ID 8000073866 can't be found and therefore not be exported!
[SEVERE] 02.10.2013 22:06:48 - Document with ID 462019090 can't be found and therefore not be exported!
[SEVERE] 02.10.2013 22:06:49 - Document with ID 7466807900 can't be found and therefore not be exported!
[SEVERE] 02.10.2013 22:06:49 - Document with ID 7466822300 can't be found and therefore not be exported!
[SEVERE] 02.10.2013 22:06:50 - Document with ID 7466818620 can't be found and therefore not be exported!
[SEVERE] 02.10.2013 22:06:51 - Document with ID 7466820110 can't be found and therefore not be exported!
[SEVERE] 02.10.2013 22:06:54 - Document with ID 466847130 can't be found and therefore not be exported!
[SEVERE] 02.10.2013 22:06:54 - Document with ID 466848260 can't be found and therefore not be exported!
[SEVERE] 02.10.2013 22:06:55 - Document with ID 7462003040 can't be found and therefore not be exported!
[SEVERE] 02.10.2013 22:06:55 - Document with ID 7466818810 can't be found and therefore not be exported!
[SEVERE] 02.10.2013 22:06:55 - Document with ID 7466821280 can't be found and therefore not be exported!
[SEVERE] 02.10.2013 22:06:55 - Document with ID 7462000420 can't be found and therefore not be exported!
[SEVERE] 02.10.2013 22:06:55 - Document with ID 466847120 can't be found and therefore not be exported!
[SEVERE] 02.10.2013 22:06:55 - Document with ID 466848250 can't be found and therefore not be exported!
[SEVERE] 02.10.2013 22:06:56 - Document with ID 7462003030 can't be found and therefore not be exported!
[SEVERE] 02.10.2013 22:06:56 - Document with ID 466850590 can't be found and therefore not be exported!
[SEVERE] 02.10.2013 22:06:57 - Document with ID 7462000410 can't be found and therefore not be exported!
[SEVERE] 02.10.2013 22:06:57 - Document with ID 466848280 can't be found and therefore not be exported!
[SEVERE] 02.10.2013 22:06:58 - Document with ID 466850580 can't be found and therefore not be exported!
[SEVERE] 02.10.2013 22:06:58 - Document with ID 7462000400 can't be found and therefore not be exported!
[SEVERE] 02.10.2013 22:06:58 - Document with ID 8000051999 can't be found and therefore not be exported!
[SEVERE] 02.10.2013 22:06:59 - Document with ID 466848270 can't be found and therefore not be exported!
[SEVERE] 02.10.2013 22:06:59 - Document with ID 466847140 can't be found and therefore not be exported!
[SEVERE] 02.10.2013 22:06:59 - Document with ID 466850570 can't be found and therefore not be exported!
[SEVERE] 02.10.2013 22:06:59 - Document with ID 466850560 can't be found and therefore not be exported!
[SEVERE] 02.10.2013 22:06:59 - Document with ID 7466814640 can't be found and therefore not be exported!
[SEVERE] 02.10.2013 22:06:59 - Document with ID 466847170 can't be found and therefore not be exported!
[INFO] 02.10.2013 22:07:00 - Transfer Document 8000075063 Revision: B ...
[INFO] 02.10.2013 22:07:00 - Completed successful!
[SEVERE] 02.10.2013 22:07:00 - Document with ID 7466814650 can't be found and therefore not be exported!
[SEVERE] 02.10.2013 22:07:00 - Document with ID 466847160 can't be found and therefore not be exported!
[SEVERE] 02.10.2013 22:07:00 - Document with ID 466850550 can't be found and therefore not be exported!
[SEVERE] 02.10.2013 22:07:01 - Document with ID 466848210 can't be found and therefore not be exported!
[SEVERE] 02.10.2013 22:07:01 - Document with ID 7462007360 can't be found and therefore not be exported!
[SEVERE] 02.10.2013 22:07:01 - Document with ID 466845810 can't be found and therefore not be exported!
[SEVERE] 02.10.2013 22:07:02 - Document with ID 466850540 can't be found and therefore not be exported!
[SEVERE] 02.10.2013 22:07:02 - Document with ID 7462003020 can't be found and therefore not be exported!
[SEVERE] 02.10.2013 22:07:02 - Document with ID 466848240 can't be found and therefore not be exported!
[SEVERE] 02.10.2013 22:07:02 - Document with ID 8000068658 can't be found and therefore not be exported!
[SEVERE] 02.10.2013 22:07:02 - Document with ID 8000068659 can't be found and therefore not be exported!
[SEVERE] 02.10.2013 22:07:04 - Document with ID 466850530 can't be found and therefore not be exported!
[SEVERE] 02.10.2013 22:07:04 - Document with ID 8000068660 can't be found and therefore not be exported!
[SEVERE] 02.10.2013 22:07:04 - Document with ID 8000068661 can't be found and therefore not be exported!
[SEVERE] 02.10.2013 22:07:04 - Document with ID 8000068662 can't be found and therefore not be exported!
[SEVERE] 02.10.2013 22:07:04 - Document with ID 8000068663 can't be found and therefore not be exported!
[SEVERE] 02.10.2013 22:07:04 - Document with ID 8000068664 can't be found and therefore not be exported!
[SEVERE] 02.10.2013 22:07:06 - Document with ID 7466818650 can't be found and therefore not be exported!
[SEVERE] 02.10.2013 22:07:06 - Document with ID 8000060338 can't be found and therefore not be exported!
[SEVERE] 02.10.2013 22:07:06 - Document with ID 7462004940 can't be found and therefore not be exported!
[SEVERE] 02.10.2013 22:07:07 - Document with ID 466845860 can't be found and therefore not be exported!
[SEVERE] 02.10.2013 22:07:08 - Document with ID 8000065628 can't be found and therefore not be exported!
[SEVERE] 02.10.2013 22:07:10 - Document with ID 7466811860 can't be found and therefore not be exported!
[SEVERE] 02.10.2013 22:07:13 - Document with ID 8000053438 can't be found and therefore not be exported!
[SEVERE] 02.10.2013 22:07:14 - Document with ID 8000053439 can't be found and therefore not be exported!
[SEVERE] 02.10.2013 22:07:14 - Document with ID 8000053441 can't be found and therefore not be exported!
[SEVERE] 02.10.2013 22:07:14 - Document with ID 8000053440 can't be found and therefore not be exported!
[SEVERE] 02.10.2013 22:07:14 - Document with ID 8000053443 can't be found and therefore not be exported!
[SEVERE] 02.10.2013 22:07:14 - Document with ID 8000053442 can't be found and therefore not be exported!
[SEVERE] 02.10.2013 22:07:15 - Document with ID 7462004910 can't be found and therefore not be exported!
[SEVERE] 02.10.2013 22:07:17 - Document with ID 466847230 can't be found and therefore not be exported!
[SEVERE] 02.10.2013 22:07:19 - Document with ID 466847200 can't be found and therefore not be exported!
[SEVERE] 02.10.2013 22:07:19 - Document with ID 466847270 can't be found and therefore not be exported!
[SEVERE] 02.10.2013 22:07:20 - Document with ID 7466820250 can't be found and therefore not be exported!
[SEVERE] 02.10.2013 22:07:20 - Document with ID 466850690 can't be found and therefore not be exported!
[SEVERE] 02.10.2013 22:07:20 - Document with ID 7466812990 can't be found and therefore not be exported!
[SEVERE] 02.10.2013 22:07:21 - Document with ID 466847240 can't be found and therefore not be exported!
[SEVERE] 02.10.2013 22:07:22 - Document with ID 7462002090 can't be found and therefore not be exported!
[SEVERE] 02.10.2013 22:07:22 - Document with ID 8000068536 can't be found and therefore not be exported!
[SEVERE] 02.10.2013 22:07:23 - Document with ID 8000068539 can't be found and therefore not be exported!
[SEVERE] 02.10.2013 22:07:23 - Document with ID 7462003130 can't be found and therefore not be exported!
[SEVERE] 02.10.2013 22:07:24 - Document with ID 466850680 can't be found and therefore not be exported!
[SEVERE] 02.10.2013 22:07:24 - Document with ID 7462003120 can't be found and therefore not be exported!
[SEVERE] 02.10.2013 22:07:24 - Document with ID 466847290 can't be found and therefore not be exported!
[SEVERE] 02.10.2013 22:07:24 - Document with ID 466845910 can't be found and therefore not be exported!
[SEVERE] 02.10.2013 22:07:25 - Document with ID 7466814530 can't be found and therefore not be exported!
[SEVERE] 02.10.2013 22:07:25 - Document with ID 466847280 can't be found and therefore not be exported!
[SEVERE] 02.10.2013 22:07:25 - Document with ID 466850620 can't be found and therefore not be exported!
[SEVERE] 02.10.2013 22:07:25 - Document with ID 466848320 can't be found and therefore not be exported!
[SEVERE] 02.10.2013 22:07:25 - Document with ID 462016160 can't be found and therefore not be exported!
[SEVERE] 02.10.2013 22:07:25 - Document with ID 7466814510 can't be found and therefore not be exported!
[SEVERE] 02.10.2013 22:07:26 - Document with ID 466848310 can't be found and therefore not be exported!
[SEVERE] 02.10.2013 22:07:26 - Document with ID 7466821310 can't be found and therefore not be exported!
[SEVERE] 02.10.2013 22:07:26 - Document with ID 466848300 can't be found and therefore not be exported!
[INFO] 02.10.2013 22:07:27 - ******************* START: OP Export Logging Summary *******************
[INFO] 02.10.2013 22:07:27 - 0 existing Documents failed to transfer!
[INFO] 02.10.2013 22:07:27 - 6 Documents transfered successfully!
[INFO] 02.10.2013 22:07:27 - 707 Documents are not existing in TeamCenter!
[INFO] 02.10.2013 22:07:27 - ******************* END: OP Export Logging Summary *******************

